#
# A fatal error has been detected by the Java Runtime Environment:
#
#  SIGSEGV (0xb) at pc=0x886c0e00, pid=5721, tid=3061123904
#
# JRE version: 6.0_24-b24
# Java VM: OpenJDK Server VM (20.0-b12 mixed mode linux-x86 )
# Derivative: IcedTea6 1.11.3
# Distribution: Ubuntu 12.04 LTS, package 6b24-1.11.3-1ubuntu0.12.04.1
# Problematic frame:
# C  0x886c0e00
[error occurred during error reporting (printing problematic frame), id 0xb]

# If you would like to submit a bug report, please include
# instructions how to reproduce the bug and visit:
#   https://bugs.launchpad.net/ubuntu/+source/openjdk-6/
# The crash happened outside the Java Virtual Machine in native code.
# See problematic frame for where to report the bug.
#

---------------  T H R E A D  ---------------

Current thread (0xb6505400):  JavaThread "main" [_thread_in_native, id=5726, stack(0xb6700000,0xb6751000)]

siginfo:si_signo=SIGSEGV: si_errno=0, si_code=1 (SEGV_MAPERR), si_addr=0x886c0e00

Registers:
EAX=0x00000001, EBX=0x8a067ff4, ECX=0xb6505520, EDX=0xb70fa32c
ESP=0xb674ffbc, EBP=0xb674ffd8, ESI=0x8ba755b0, EDI=0xb6505400
EIP=0x886c0e00, EFLAGS=0x00010286, CR2=0x886c0e00

Top of Stack: (sp=0xb674ffbc)
0xb674ffbc:   8a045675 00000001 b674ffec b6505400
0xb674ffcc:   b6750018 8a045659 8ba755b0 b6750018
0xb674ffdc:   b350a64a b6505520 b6750020 00000001
0xb674ffec:   00000001 b6750058 b6750058 b674fff8
0xb674fffc:   8ba755b0 b675002c 8ba767a8 00000000
0xb675000c:   8ba755b0 00000000 b6750028 b6750050
0xb675001c:   b3502ee1 8ba76748 b35084b9 00000001
0xb675002c:   00000001 b6750030 8ba75512 b6750058 

Instructions: (pc=0x886c0e00)
0x886c0de0:   
[error occurred during error reporting (printing registers, top of stack, instructions near pc), id 0xb]

Register to memory mapping:

EAX=0x00000001 is an unknown value
EBX=0x8a067ff4: <offset 0x5bff4> in /media/new/work/game_workspace/nano_project3/libs/linux/liblwjgl.so at 0x8a00c000
ECX=0xb6505520 is an unknown value
EDX=0xb70fa32c: <offset 0x87a32c> in /usr/lib/jvm/java-6-openjdk-i386/jre/lib/i386/server/libjvm.so at 0xb6880000
ESP=0xb674ffbc is pointing into the stack for thread: 0xb6505400
EBP=0xb674ffd8 is pointing into the stack for thread: 0xb6505400
ESI=0x8ba755b0 is an oop
{method} 
 - klass: {other class}
EDI=0xb6505400 is a thread


Stack: [0xb6700000,0xb6751000],  sp=0xb674ffbc,  free space=319k
Native frames: (J=compiled Java code, j=interpreted, Vv=VM code, C=native code)
C  0x886c0e00
[error occurred during error reporting (printing native stack), id 0xb]

Java frames: (J=compiled Java code, j=interpreted, Vv=VM code)
j  org.lwjgl.openal.AL10.nalDeleteBuffers2(II)V+0
j  org.lwjgl.openal.AL10.alDeleteBuffers(I)V+2
j  Gl.main([Ljava/lang/String;)V+142
v  ~StubRoutines::call_stub

---------------  P R O C E S S  ---------------

Java Threads: ( => current thread )
  0x8a385c00 JavaThread "AWT-XAWT" daemon [_thread_in_native, id=5738, stack(0x8a069000,0x8a0ba000)]
  0x8a320800 JavaThread "Java2D Disposer" daemon [_thread_blocked, id=5737, stack(0x8a215000,0x8a266000)]
  0xb65a4000 JavaThread "Low Memory Detector" daemon [_thread_blocked, id=5735, stack(0x8a79a000,0x8a7eb000)]
  0xb65a2400 JavaThread "C2 CompilerThread1" daemon [_thread_blocked, id=5734, stack(0x8a7eb000,0x8a86c000)]
  0xb65a0400 JavaThread "C2 CompilerThread0" daemon [_thread_blocked, id=5733, stack(0x8a86c000,0x8a8ed000)]
  0xb659f000 JavaThread "Signal Dispatcher" daemon [_thread_blocked, id=5732, stack(0x8a8ed000,0x8a93e000)]
  0xb658f800 JavaThread "Finalizer" daemon [_thread_blocked, id=5731, stack(0x8af2e000,0x8af7f000)]
  0xb658e000 JavaThread "Reference Handler" daemon [_thread_blocked, id=5730, stack(0x8b101000,0x8b152000)]
=>0xb6505400 JavaThread "main" [_thread_in_native, id=5726, stack(0xb6700000,0xb6751000)]

Other Threads:
  0xb658a000 VMThread [stack: 0x8af7f000,0x8b000000] [id=5729]
  0xb65a6000 WatcherThread [stack: 0x8a719000,0x8a79a000] [id=5736]

VM state:not at safepoint (normal execution)

VM Mutex/Monitor currently owned by a thread: None

Heap
 PSYoungGen      total 9408K, used 5464K [0xa89a0000, 0xa9410000, 0xb3440000)
  eden space 8128K, 67% used [0xa89a0000,0xa8ef6098,0xa9190000)
  from space 1280K, 0% used [0xa92d0000,0xa92d0000,0xa9410000)
  to   space 1280K, 0% used [0xa9190000,0xa9190000,0xa92d0000)
 PSOldGen        total 21376K, used 0K [0x93440000, 0x94920000, 0xa89a0000)
  object space 21376K, 0% used [0x93440000,0x93440000,0x94920000)
 PSPermGen       total 16384K, used 6668K [0x8b440000, 0x8c440000, 0x93440000)
  object space 16384K, 40% used [0x8b440000,0x8bac32c0,0x8c440000)

Code Cache  [0xb3500000, 0xb3740000, 0xb6500000)
 total_blobs=293 nmethods=47 adapters=201 free_code_cache=49898624 largest_free_block=8832

Dynamic libraries:
08048000-08051000 r-xp 00000000 08:06 1197       /usr/lib/jvm/java-6-openjdk-i386/jre/bin/java
08051000-08052000 r--p 00008000 08:06 1197       /usr/lib/jvm/java-6-openjdk-i386/jre/bin/java
08052000-08053000 rw-p 00009000 08:06 1197       /usr/lib/jvm/java-6-openjdk-i386/jre/bin/java
084da000-08650000 rw-p 00000000 00:00 0          [heap]
838fe000-838ff000 ---p 00000000 00:00 0 
838ff000-839ff000 rw-p 00000000 00:00 0 
87a00000-87a66000 rw-p 00000000 00:00 0 
87a66000-87b00000 ---p 00000000 00:00 0 
87b87000-87b88000 ---p 00000000 00:00 0 
87b88000-88388000 rw-p 00000000 00:00 0 
88388000-884ee000 r-xp 00000000 08:06 1052077    /usr/lib/i386-linux-gnu/libvorbisenc.so.2.0.8
884ee000-884ff000 r--p 00165000 08:06 1052077    /usr/lib/i386-linux-gnu/libvorbisenc.so.2.0.8
884ff000-88500000 rw-p 00176000 08:06 1052077    /usr/lib/i386-linux-gnu/libvorbisenc.so.2.0.8
88500000-885f0000 rw-p 00000000 00:00 0 
885f0000-88600000 ---p 00000000 00:00 0 
88700000-88900000 rw-p 00000000 00:00 0 
88900000-88a00000 rw-p 00000000 00:00 0 
88a33000-88a7f000 r-xp 00000000 08:06 1051408    /usr/lib/i386-linux-gnu/libFLAC.so.8.2.0
88a7f000-88a80000 r--p 0004b000 08:06 1051408    /usr/lib/i386-linux-gnu/libFLAC.so.8.2.0
88a80000-88a81000 rw-p 0004c000 08:06 1051408    /usr/lib/i386-linux-gnu/libFLAC.so.8.2.0
88c00000-88cf9000 rw-p 00000000 00:00 0 
88cf9000-88d00000 ---p 00000000 00:00 0 
88d40000-88dac000 r-xp 00000000 08:06 1052007    /usr/lib/i386-linux-gnu/libsndfile.so.1.0.25
88dac000-88dad000 r--p 0006c000 08:06 1052007    /usr/lib/i386-linux-gnu/libsndfile.so.1.0.25
88dad000-88dae000 rw-p 0006d000 08:06 1052007    /usr/lib/i386-linux-gnu/libsndfile.so.1.0.25
88dae000-88db2000 rw-p 00000000 00:00 0 
88db2000-88df9000 r-xp 00000000 08:06 914860     /lib/i386-linux-gnu/libdbus-1.so.3.5.8
88df9000-88dfa000 r--p 00046000 08:06 914860     /lib/i386-linux-gnu/libdbus-1.so.3.5.8
88dfa000-88dfb000 rw-p 00047000 08:06 914860     /lib/i386-linux-gnu/libdbus-1.so.3.5.8
89700000-897f8000 rw-p 00000000 00:00 0 
897f8000-89800000 ---p 00000000 00:00 0 
89817000-89840000 r-xp 00000000 08:06 1052075    /usr/lib/i386-linux-gnu/libvorbis.so.0.4.5
89840000-89841000 r--p 00028000 08:06 1052075    /usr/lib/i386-linux-gnu/libvorbis.so.0.4.5
89841000-89842000 rw-p 00029000 08:06 1052075    /usr/lib/i386-linux-gnu/libvorbis.so.0.4.5
89842000-898a5000 r-xp 00000000 08:06 1050822    /usr/lib/i386-linux-gnu/libpulsecommon-1.1.so
898a5000-898a6000 r--p 00062000 08:06 1050822    /usr/lib/i386-linux-gnu/libpulsecommon-1.1.so
898a6000-898a7000 rw-p 00063000 08:06 1050822    /usr/lib/i386-linux-gnu/libpulsecommon-1.1.so
898ea000-898fd000 r-xp 00000000 08:06 914932     /lib/i386-linux-gnu/libresolv-2.15.so
898fd000-898fe000 ---p 00013000 08:06 914932     /lib/i386-linux-gnu/libresolv-2.15.so
898fe000-898ff000 r--p 00013000 08:06 914932     /lib/i386-linux-gnu/libresolv-2.15.so
898ff000-89900000 rw-p 00014000 08:06 914932     /lib/i386-linux-gnu/libresolv-2.15.so
89900000-89902000 rw-p 00000000 00:00 0 
89902000-89908000 r-xp 00000000 08:06 1051912    /usr/lib/i386-linux-gnu/libogg.so.0.7.1
89908000-89909000 r--p 00005000 08:06 1051912    /usr/lib/i386-linux-gnu/libogg.so.0.7.1
89909000-8990a000 rw-p 00006000 08:06 1051912    /usr/lib/i386-linux-gnu/libogg.so.0.7.1
8990a000-8990f000 r-xp 00000000 08:06 1051543    /usr/lib/i386-linux-gnu/libasyncns.so.0.3.1
8990f000-89910000 r--p 00004000 08:06 1051543    /usr/lib/i386-linux-gnu/libasyncns.so.0.3.1
89910000-89911000 rw-p 00005000 08:06 1051543    /usr/lib/i386-linux-gnu/libasyncns.so.0.3.1
89911000-8995d000 r-xp 00000000 08:06 1050509    /usr/lib/i386-linux-gnu/libpulse.so.0.13.5
8995d000-8995e000 r--p 0004b000 08:06 1050509    /usr/lib/i386-linux-gnu/libpulse.so.0.13.5
8995e000-8995f000 rw-p 0004c000 08:06 1050509    /usr/lib/i386-linux-gnu/libpulse.so.0.13.5
8995f000-8997c000 r-xp 00000000 08:06 1051649    /usr/lib/i386-linux-gnu/libdrm_intel.so.1.0.0
8997c000-8997d000 r--p 0001c000 08:06 1051649    /usr/lib/i386-linux-gnu/libdrm_intel.so.1.0.0
8997d000-8997e000 rw-p 0001d000 08:06 1051649    /usr/lib/i386-linux-gnu/libdrm_intel.so.1.0.0
8997e000-899a4000 r-xp 00000000 08:06 918242     /lib/i386-linux-gnu/libexpat.so.1.5.2
899a4000-899a5000 ---p 00026000 08:06 918242     /lib/i386-linux-gnu/libexpat.so.1.5.2
899a5000-899a7000 r--p 00026000 08:06 918242     /lib/i386-linux-gnu/libexpat.so.1.5.2
899a7000-899a8000 rw-p 00028000 08:06 918242     /lib/i386-linux-gnu/libexpat.so.1.5.2
899bc000-89ad1000 r-xp 00000000 08:06 3976       /usr/lib/i386-linux-gnu/dri/libglsl.so
89ad1000-89ad6000 r--p 00114000 08:06 3976       /usr/lib/i386-linux-gnu/dri/libglsl.so
89ad6000-89ad8000 rw-p 00119000 08:06 3976       /usr/lib/i386-linux-gnu/dri/libglsl.so
89ad8000-89ad9000 rw-p 00000000 00:00 0 
89ad9000-89d34000 r-xp 00000000 08:06 1155       /usr/lib/i386-linux-gnu/dri/libdricore.so
89d34000-89d35000 ---p 0025b000 08:06 1155       /usr/lib/i386-linux-gnu/dri/libdricore.so
89d35000-89d3b000 r--p 0025b000 08:06 1155       /usr/lib/i386-linux-gnu/dri/libdricore.so
89d3b000-89d3d000 rw-p 00261000 08:06 1155       /usr/lib/i386-linux-gnu/dri/libdricore.so
89d3d000-89d52000 rw-p 00000000 00:00 0 
89d52000-89e2c000 r-xp 00000000 08:06 1154       /usr/lib/i386-linux-gnu/dri/i965_dri.so
89e2c000-89e2e000 r--p 000d9000 08:06 1154       /usr/lib/i386-linux-gnu/dri/i965_dri.so
89e2e000-89e30000 rw-p 000db000 08:06 1154       /usr/lib/i386-linux-gnu/dri/i965_dri.so
89e30000-89e31000 rw-p 00000000 00:00 0 
89e31000-89e3c000 r-xp 00000000 08:06 1051647    /usr/lib/i386-linux-gnu/libdrm.so.2.4.0
89e3c000-89e3d000 r--p 0000a000 08:06 1051647    /usr/lib/i386-linux-gnu/libdrm.so.2.4.0
89e3d000-89e3e000 rw-p 0000b000 08:06 1051647    /usr/lib/i386-linux-gnu/libdrm.so.2.4.0
89e3e000-89e54000 r-xp 00000000 08:06 1052096    /usr/lib/i386-linux-gnu/libxcb-glx.so.0.0.0
89e54000-89e55000 r--p 00016000 08:06 1052096    /usr/lib/i386-linux-gnu/libxcb-glx.so.0.0.0
89e55000-89e56000 rw-p 00017000 08:06 1052096    /usr/lib/i386-linux-gnu/libxcb-glx.so.0.0.0
89e56000-89ea8000 r-xp 00000000 08:06 520        /usr/lib/i386-linux-gnu/mesa/libGL.so.1.2
89ea8000-89eaa000 r--p 00051000 08:06 520        /usr/lib/i386-linux-gnu/mesa/libGL.so.1.2
89eaa000-89eaf000 rwxp 00053000 08:06 520        /usr/lib/i386-linux-gnu/mesa/libGL.so.1.2
89eaf000-89eb2000 ---p 00000000 00:00 0 
89eb2000-89f00000 rw-p 00000000 00:00 0 
89f00000-89f7d000 rw-p 00000000 00:00 0 
89f7d000-8a000000 ---p 00000000 00:00 0 
8a002000-8a00a000 r-xp 00000000 08:06 914957     /lib/i386-linux-gnu/libwrap.so.0.7.6
8a00a000-8a00b000 r--p 00007000 08:06 914957     /lib/i386-linux-gnu/libwrap.so.0.7.6
8a00b000-8a00c000 rw-p 00008000 08:06 914957     /lib/i386-linux-gnu/libwrap.so.0.7.6
8a00c000-8a067000 r-xp 00000000 08:02 12970      /media/new/work/game_workspace/nano_project3/libs/linux/liblwjgl.so
8a067000-8a068000 r--p 0005a000 08:02 12970      /media/new/work/game_workspace/nano_project3/libs/linux/liblwjgl.so
8a068000-8a069000 rw-p 0005b000 08:02 12970      /media/new/work/game_workspace/nano_project3/libs/linux/liblwjgl.so
8a069000-8a06c000 ---p 00000000 00:00 0 
8a06c000-8a0ba000 rw-p 00000000 00:00 0 
8a0ba000-8a0bb000 r--s 00000000 08:06 141719     /var/cache/fontconfig/c05880de57d1f5e948fdfacc138775d9-le32d4.cache-3
8a0bb000-8a0c1000 r--s 00000000 08:06 141715     /var/cache/fontconfig/945677eb7aeaf62f1d50efc3fb3ec7d8-le32d4.cache-3
8a0c1000-8a0c3000 r--s 00000000 08:06 141713     /var/cache/fontconfig/99e8ed0e538f840c565b6ed5dad60d56-le32d4.cache-3
8a0c3000-8a0c9000 r--s 00000000 08:06 141711     /var/cache/fontconfig/a6d8cf8e4ec09cdbc8633c31745a07dd-le32d4.cache-3
8a0c9000-8a0cc000 r--s 00000000 08:06 141700     /var/cache/fontconfig/2cd17615ca594fa2959ae173292e504c-le32d4.cache-3
8a0cc000-8a0cd000 r--s 00000000 08:06 141693     /var/cache/fontconfig/fd9505950c048a77dc4b710eb6a628ed-le32d4.cache-3
8a0cd000-8a0cf000 r--s 00000000 08:06 141692     /var/cache/fontconfig/ddc79d3ea06a7c6ffa86ede85f3bb5df-le32d4.cache-3
8a0cf000-8a0d0000 r--s 00000000 08:06 141691     /var/cache/fontconfig/e7071f4a29fa870f4323321c154eba04-le32d4.cache-3
8a0d0000-8a0d1000 r--s 00000000 08:06 141687     /var/cache/fontconfig/a2ab74764b07279e7c36ddb1d302cf26-le32d4.cache-3
8a0d1000-8a0d3000 r--s 00000000 08:06 141686     /var/cache/fontconfig/c69f04ab05004e31a6d5e715764f16d8-le32d4.cache-3
8a0d3000-8a0d4000 r--s 00000000 08:06 141685     /var/cache/fontconfig/0d8c3b2ac0904cb8a57a757ad11a4a08-le32d4.cache-3
8a0d4000-8a0d6000 r--s 00000000 08:06 141680     /var/cache/fontconfig/646addb8444faa74ee138aa00ab0b6a0-le32d4.cache-3
8a0d6000-8a0da000 r--s 00000000 08:06 141679     /var/cache/fontconfig/a755afe4a08bf5b97852ceb7400b47bc-le32d4.cache-3
8a0da000-8a0dc000 r--s 00000000 08:06 141678     /var/cache/fontconfig/20bd79ad97094406f7d1b9654bfbd926-le32d4.cache-3
8a0dc000-8a0df000 r--s 00000000 08:06 141677     /var/cache/fontconfig/9c0624108b9a2ae8552f664125be8356-le32d4.cache-3
8a0df000-8a0e6000 r--s 00000000 08:06 141676     /var/cache/fontconfig/6d41288fd70b0be22e8c3a91e032eec0-le32d4.cache-3
8a0e6000-8a0e8000 r--s 00000000 08:06 141674     /var/cache/fontconfig/da1bd5ca8443ffe22927a23ce431d198-le32d4.cache-3
8a0e8000-8a0f3000 r--s 00000000 08:06 141672     /var/cache/fontconfig/04aabc0a78ac019cf9454389977116d2-le32d4.cache-3
8a0f3000-8a0f6000 r--s 00000000 08:06 141671     /var/cache/fontconfig/385c0604a188198f04d133e54aba7fe7-le32d4.cache-3
8a0f6000-8a0f7000 r--s 00000000 08:06 141670     /var/cache/fontconfig/4794a0821666d79190d59a36cb4f44b5-le32d4.cache-3
8a0f7000-8a0f8000 r--s 00000000 08:06 141669     /var/cache/fontconfig/ecbfc93421cac4646e0c7fe4210510c2-le32d4.cache-3
8a0f8000-8a0fc000 r--s 00000000 08:06 141668     /var/cache/fontconfig/8801497958630a81b71ace7c5f9b32a8-le32d4.cache-3
8a0fc000-8a11e000 r--s 00000000 08:06 141665     /var/cache/fontconfig/365b55f210c0a22e9a19e35191240f32-le32d4.cache-3
8a11e000-8a122000 r--s 00000000 08:06 141663     /var/cache/fontconfig/3047814df9a2f067bd2d96a2b9c36e5a-le32d4.cache-3
8a122000-8a126000 r--s 00000000 08:06 141616     /var/cache/fontconfig/b47c4e1ecd0709278f4910c18777a504-le32d4.cache-3
8a126000-8a12c000 r--s 00000000 08:06 141615     /var/cache/fontconfig/52f7bdb7ce746bfd7eaa1985bd9cfa93-le32d4.cache-3
8a130000-8a136000 r-xp 00000000 08:06 1051846    /usr/lib/i386-linux-gnu/libjson.so.0.0.1
8a136000-8a137000 r--p 00005000 08:06 1051846    /usr/lib/i386-linux-gnu/libjson.so.0.0.1
8a137000-8a138000 rw-p 00006000 08:06 1051846    /usr/lib/i386-linux-gnu/libjson.so.0.0.1
8a138000-8a13c000 r-xp 00000000 08:06 1051527    /usr/lib/i386-linux-gnu/libXxf86vm.so.1.0.0
8a13c000-8a13d000 r--p 00003000 08:06 1051527    /usr/lib/i386-linux-gnu/libXxf86vm.so.1.0.0
8a13d000-8a13e000 rw-p 00004000 08:06 1051527    /usr/lib/i386-linux-gnu/libXxf86vm.so.1.0.0
8a13e000-8a13f000 r-xp 00000000 08:06 1051482    /usr/lib/i386-linux-gnu/libX11-xcb.so.1.0.0
8a13f000-8a140000 r--p 00000000 08:06 1051482    /usr/lib/i386-linux-gnu/libX11-xcb.so.1.0.0
8a140000-8a141000 rw-p 00001000 08:06 1051482    /usr/lib/i386-linux-gnu/libX11-xcb.so.1.0.0
8a141000-8a150000 r-xp 00000000 08:06 1045843    /usr/lib/i386-linux-gnu/libglapi.so.0.0.0
8a150000-8a152000 r--p 0000f000 08:06 1045843    /usr/lib/i386-linux-gnu/libglapi.so.0.0.0
8a152000-8a157000 rwxp 00011000 08:06 1045843    /usr/lib/i386-linux-gnu/libglapi.so.0.0.0
8a157000-8a15e000 r-xp 00000000 08:06 1051517    /usr/lib/i386-linux-gnu/libXrandr.so.2.2.0
8a15e000-8a15f000 r--p 00006000 08:06 1051517    /usr/lib/i386-linux-gnu/libXrandr.so.2.2.0
8a15f000-8a160000 rw-p 00007000 08:06 1051517    /usr/lib/i386-linux-gnu/libXrandr.so.2.2.0
8a160000-8a161000 r--s 00000000 08:06 141719     /var/cache/fontconfig/c05880de57d1f5e948fdfacc138775d9-le32d4.cache-3
8a161000-8a167000 r--s 00000000 08:06 141715     /var/cache/fontconfig/945677eb7aeaf62f1d50efc3fb3ec7d8-le32d4.cache-3
8a167000-8a169000 r--s 00000000 08:06 141713     /var/cache/fontconfig/99e8ed0e538f840c565b6ed5dad60d56-le32d4.cache-3
8a169000-8a16f000 r--s 00000000 08:06 141711     /var/cache/fontconfig/a6d8cf8e4ec09cdbc8633c31745a07dd-le32d4.cache-3
8a16f000-8a172000 r--s 00000000 08:06 141700     /var/cache/fontconfig/2cd17615ca594fa2959ae173292e504c-le32d4.cache-3
8a172000-8a173000 r--s 00000000 08:06 141693     /var/cache/fontconfig/fd9505950c048a77dc4b710eb6a628ed-le32d4.cache-3
8a173000-8a175000 r--s 00000000 08:06 141692     /var/cache/fontconfig/ddc79d3ea06a7c6ffa86ede85f3bb5df-le32d4.cache-3
8a175000-8a176000 r--s 00000000 08:06 141691     /var/cache/fontconfig/e7071f4a29fa870f4323321c154eba04-le32d4.cache-3
8a176000-8a177000 r--s 00000000 08:06 141687     /var/cache/fontconfig/a2ab74764b07279e7c36ddb1d302cf26-le32d4.cache-3
8a177000-8a179000 r--s 00000000 08:06 141686     /var/cache/fontconfig/c69f04ab05004e31a6d5e715764f16d8-le32d4.cache-3
8a179000-8a17a000 r--s 00000000 08:06 141685     /var/cache/fontconfig/0d8c3b2ac0904cb8a57a757ad11a4a08-le32d4.cache-3
8a17a000-8a17c000 r--s 00000000 08:06 141680     /var/cache/fontconfig/646addb8444faa74ee138aa00ab0b6a0-le32d4.cache-3
8a17c000-8a180000 r--s 00000000 08:06 141679     /var/cache/fontconfig/a755afe4a08bf5b97852ceb7400b47bc-le32d4.cache-3
8a180000-8a182000 r--s 00000000 08:06 141678     /var/cache/fontconfig/20bd79ad97094406f7d1b9654bfbd926-le32d4.cache-3
8a182000-8a185000 r--s 00000000 08:06 141677     /var/cache/fontconfig/9c0624108b9a2ae8552f664125be8356-le32d4.cache-3
8a185000-8a18c000 r--s 00000000 08:06 141676     /var/cache/fontconfig/6d41288fd70b0be22e8c3a91e032eec0-le32d4.cache-3
8a18c000-8a18e000 r--s 00000000 08:06 141674     /var/cache/fontconfig/da1bd5ca8443ffe22927a23ce431d198-le32d4.cache-3
8a18e000-8a199000 r--s 00000000 08:06 141672     /var/cache/fontconfig/04aabc0a78ac019cf9454389977116d2-le32d4.cache-3
8a199000-8a19c000 r--s 00000000 08:06 141671     /var/cache/fontconfig/385c0604a188198f04d133e54aba7fe7-le32d4.cache-3
8a19c000-8a19d000 r--s 00000000 08:06 141670     /var/cache/fontconfig/4794a0821666d79190d59a36cb4f44b5-le32d4.cache-3
8a19d000-8a19e000 r--s 00000000 08:06 141669     /var/cache/fontconfig/ecbfc93421cac4646e0c7fe4210510c2-le32d4.cache-3
8a19e000-8a1a2000 r--s 00000000 08:06 141668     /var/cache/fontconfig/8801497958630a81b71ace7c5f9b32a8-le32d4.cache-3
8a1a2000-8a1c4000 r--s 00000000 08:06 141665     /var/cache/fontconfig/365b55f210c0a22e9a19e35191240f32-le32d4.cache-3
8a1c4000-8a1c8000 r--s 00000000 08:06 141663     /var/cache/fontconfig/3047814df9a2f067bd2d96a2b9c36e5a-le32d4.cache-3
8a1c8000-8a1c9000 r--s 00000000 08:06 141621     /var/cache/fontconfig/56cf4f4769d0f4abc89a4895d7bd3ae1-le32d4.cache-3
8a1c9000-8a1ca000 r--s 00000000 08:06 141617     /var/cache/fontconfig/b9d506c9ac06c20b433354fa67a72993-le32d4.cache-3
8a1ca000-8a1ce000 r--s 00000000 08:06 141616     /var/cache/fontconfig/b47c4e1ecd0709278f4910c18777a504-le32d4.cache-3
8a1ce000-8a1d4000 r--s 00000000 08:06 141615     /var/cache/fontconfig/52f7bdb7ce746bfd7eaa1985bd9cfa93-le32d4.cache-3
8a1d4000-8a1e1000 r--s 00000000 08:06 141614     /var/cache/fontconfig/d52a8644073d54c13679302ca1180695-le32d4.cache-3
8a1e1000-8a1e5000 r--s 00000000 08:06 141607     /var/cache/fontconfig/3f7329c5293ffd510edef78f73874cfd-le32d4.cache-3
8a1e5000-8a1eb000 r--s 00000000 08:06 141606     /var/cache/fontconfig/a0513722a37733a9dfd54dccd328039d-le32d4.cache-3
8a1ec000-8a1ee000 r-xp 00000000 08:06 1051495    /usr/lib/i386-linux-gnu/libXdamage.so.1.1.0
8a1ee000-8a1ef000 r--p 00001000 08:06 1051495    /usr/lib/i386-linux-gnu/libXdamage.so.1.1.0
8a1ef000-8a1f0000 rw-p 00002000 08:06 1051495    /usr/lib/i386-linux-gnu/libXdamage.so.1.1.0
8a1f0000-8a1f4000 r-xp 00000000 08:06 1051501    /usr/lib/i386-linux-gnu/libXfixes.so.3.1.0
8a1f4000-8a1f5000 r--p 00004000 08:06 1051501    /usr/lib/i386-linux-gnu/libXfixes.so.3.1.0
8a1f5000-8a1f6000 rw-p 00005000 08:06 1051501    /usr/lib/i386-linux-gnu/libXfixes.so.3.1.0
8a1f6000-8a1ff000 r-xp 00000000 08:06 1051493    /usr/lib/i386-linux-gnu/libXcursor.so.1.0.2
8a1ff000-8a200000 r--p 00008000 08:06 1051493    /usr/lib/i386-linux-gnu/libXcursor.so.1.0.2
8a200000-8a201000 rw-p 00009000 08:06 1051493    /usr/lib/i386-linux-gnu/libXcursor.so.1.0.2
8a203000-8a20c000 r-xp 00000000 08:06 1051938    /usr/lib/i386-linux-gnu/libpciaccess.so.0.11.0
8a20c000-8a20d000 r--p 00008000 08:06 1051938    /usr/lib/i386-linux-gnu/libpciaccess.so.0.11.0
8a20d000-8a20e000 rw-p 00009000 08:06 1051938    /usr/lib/i386-linux-gnu/libpciaccess.so.0.11.0
8a20e000-8a215000 r--s 00000000 08:06 786        /usr/lib/i386-linux-gnu/gconv/gconv-modules.cache
8a215000-8a218000 ---p 00000000 00:00 0 
8a218000-8a266000 rw-p 00000000 00:00 0 
8a266000-8a2fb000 r-xp 00000000 08:06 1051681    /usr/lib/i386-linux-gnu/libfreetype.so.6.8.0
8a2fb000-8a2ff000 r--p 00094000 08:06 1051681    /usr/lib/i386-linux-gnu/libfreetype.so.6.8.0
8a2ff000-8a300000 rw-p 00098000 08:06 1051681    /usr/lib/i386-linux-gnu/libfreetype.so.6.8.0
8a300000-8a3fc000 rw-p 00000000 00:00 0 
8a3fc000-8a400000 ---p 00000000 00:00 0 
8a401000-8a402000 rwxp 00000000 00:00 0 
8a402000-8a404000 r--s 00000000 08:06 141605     /var/cache/fontconfig/099525ddca5eae4f2477b69cf2d7f16d-le32d4.cache-3
8a404000-8a405000 r-xp 00000000 08:06 1549       /usr/lib/jvm/java-6-openjdk-i386/jre/lib/i386/libjawt.so
8a405000-8a406000 r--p 00000000 08:06 1549       /usr/lib/jvm/java-6-openjdk-i386/jre/lib/i386/libjawt.so
8a406000-8a407000 rw-p 00001000 08:06 1549       /usr/lib/jvm/java-6-openjdk-i386/jre/lib/i386/libjawt.so
8a407000-8a414000 r--s 00000000 08:06 141614     /var/cache/fontconfig/d52a8644073d54c13679302ca1180695-le32d4.cache-3
8a414000-8a418000 r--s 00000000 08:06 141607     /var/cache/fontconfig/3f7329c5293ffd510edef78f73874cfd-le32d4.cache-3
8a418000-8a41e000 r--s 00000000 08:06 141606     /var/cache/fontconfig/a0513722a37733a9dfd54dccd328039d-le32d4.cache-3
8a41e000-8a420000 r--s 00000000 08:06 141605     /var/cache/fontconfig/099525ddca5eae4f2477b69cf2d7f16d-le32d4.cache-3
8a420000-8a422000 r--s 00000000 08:06 141604     /var/cache/fontconfig/61092ac79d9058a69eda095afa0a78f1-le32d4.cache-3
8a422000-8a424000 r--s 00000000 08:06 141603     /var/cache/fontconfig/a722efc6911bbe16667b1a77497ffd37-le32d4.cache-3
8a424000-8a426000 r--s 00000000 08:06 141600     /var/cache/fontconfig/d63fdd8e0f42559533dd777c334fdfcc-le32d4.cache-3
8a426000-8a429000 r--s 00000000 08:06 141599     /var/cache/fontconfig/fac9d1061ce4dddb2143955f84876fd7-le32d4.cache-3
8a429000-8a434000 r--s 00000000 08:06 134623     /var/cache/fontconfig/e13b20fdb08344e0e664864cc2ede53d-le32d4.cache-3
8a434000-8a438000 r--s 00000000 08:06 141598     /var/cache/fontconfig/7ef2298fde41cc6eeb7af42e48b7d293-le32d4.cache-3
8a438000-8a472000 r-xp 00000000 08:06 1673       /usr/lib/jvm/java-6-openjdk-i386/jre/lib/i386/libfontmanager.so
8a472000-8a473000 r--p 00039000 08:06 1673       /usr/lib/jvm/java-6-openjdk-i386/jre/lib/i386/libfontmanager.so
8a473000-8a474000 rw-p 0003a000 08:06 1673       /usr/lib/jvm/java-6-openjdk-i386/jre/lib/i386/libfontmanager.so
8a474000-8a479000 r-xp 00000000 08:06 1051497    /usr/lib/i386-linux-gnu/libXdmcp.so.6.0.0
8a479000-8a47a000 r--p 00004000 08:06 1051497    /usr/lib/i386-linux-gnu/libXdmcp.so.6.0.0
8a47a000-8a47b000 rw-p 00005000 08:06 1051497    /usr/lib/i386-linux-gnu/libXdmcp.so.6.0.0
8a47b000-8a47d000 r-xp 00000000 08:06 1051486    /usr/lib/i386-linux-gnu/libXau.so.6.0.0
8a47d000-8a47e000 r--p 00001000 08:06 1051486    /usr/lib/i386-linux-gnu/libXau.so.6.0.0
8a47e000-8a47f000 rw-p 00002000 08:06 1051486    /usr/lib/i386-linux-gnu/libXau.so.6.0.0
8a47f000-8a49e000 r-xp 00000000 08:06 1052106    /usr/lib/i386-linux-gnu/libxcb.so.1.1.0
8a49e000-8a49f000 r--p 0001f000 08:06 1052106    /usr/lib/i386-linux-gnu/libxcb.so.1.1.0
8a49f000-8a4a0000 rw-p 00020000 08:06 1052106    /usr/lib/i386-linux-gnu/libxcb.so.1.1.0
8a4a0000-8a4ae000 r-xp 00000000 08:06 1051505    /usr/lib/i386-linux-gnu/libXi.so.6.1.0
8a4ae000-8a4af000 r--p 0000d000 08:06 1051505    /usr/lib/i386-linux-gnu/libXi.so.6.1.0
8a4af000-8a4b0000 rw-p 0000e000 08:06 1051505    /usr/lib/i386-linux-gnu/libXi.so.6.1.0
8a4b0000-8a5e0000 r-xp 00000000 08:06 1051484    /usr/lib/i386-linux-gnu/libX11.so.6.3.0
8a5e0000-8a5e1000 r--p 0012f000 08:06 1051484    /usr/lib/i386-linux-gnu/libX11.so.6.3.0
8a5e1000-8a5e3000 rw-p 00130000 08:06 1051484    /usr/lib/i386-linux-gnu/libX11.so.6.3.0
8a5e3000-8a5e4000 rw-p 00000000 00:00 0 
8a5e4000-8a5f4000 r-xp 00000000 08:06 1051499    /usr/lib/i386-linux-gnu/libXext.so.6.4.0
8a5f4000-8a5f5000 r--p 0000f000 08:06 1051499    /usr/lib/i386-linux-gnu/libXext.so.6.4.0
8a5f5000-8a5f6000 rw-p 00010000 08:06 1051499    /usr/lib/i386-linux-gnu/libXext.so.6.4.0
8a5f6000-8a5f8000 r--s 00000000 08:06 141604     /var/cache/fontconfig/61092ac79d9058a69eda095afa0a78f1-le32d4.cache-3
8a5f8000-8a5fb000 r--s 00000000 08:06 141599     /var/cache/fontconfig/fac9d1061ce4dddb2143955f84876fd7-le32d4.cache-3
8a5fb000-8a606000 r--s 00000000 08:06 134623     /var/cache/fontconfig/e13b20fdb08344e0e664864cc2ede53d-le32d4.cache-3
8a606000-8a60a000 r--s 00000000 08:06 141598     /var/cache/fontconfig/7ef2298fde41cc6eeb7af42e48b7d293-le32d4.cache-3
8a60a000-8a656000 r-xp 00000000 08:06 2809       /usr/lib/jvm/java-6-openjdk-i386/jre/lib/i386/xawt/libmawt.so
8a656000-8a657000 r--p 0004b000 08:06 2809       /usr/lib/jvm/java-6-openjdk-i386/jre/lib/i386/xawt/libmawt.so
8a657000-8a659000 rw-p 0004c000 08:06 2809       /usr/lib/jvm/java-6-openjdk-i386/jre/lib/i386/xawt/libmawt.so
8a659000-8a65a000 rw-p 00000000 00:00 0 
8a65a000-8a6ed000 r-xp 00000000 08:06 1553       /usr/lib/jvm/java-6-openjdk-i386/jre/lib/i386/libawt.so
8a6ed000-8a6ee000 r--p 00092000 08:06 1553       /usr/lib/jvm/java-6-openjdk-i386/jre/lib/i386/libawt.so
8a6ee000-8a6f5000 rw-p 00093000 08:06 1553       /usr/lib/jvm/java-6-openjdk-i386/jre/lib/i386/libawt.so
8a6f5000-8a719000 rw-p 00000000 00:00 0 
8a719000-8a71a000 ---p 00000000 00:00 0 
8a71a000-8a79a000 rw-p 00000000 00:00 0 
8a79a000-8a79d000 ---p 00000000 00:00 0 
8a79d000-8a7eb000 rw-p 00000000 00:00 0 
8a7eb000-8a7ee000 ---p 00000000 00:00 0 
8a7ee000-8a86c000 rw-p 00000000 00:00 0 
8a86c000-8a86f000 ---p 00000000 00:00 0 
8a86f000-8a8ed000 rw-p 00000000 00:00 0 
8a8ed000-8a8f0000 ---p 00000000 00:00 0 
8a8f0000-8a93e000 rw-p 00000000 00:00 0 
8a93e000-8aa70000 r--p 02240000 08:06 1052276    /usr/lib/locale/locale-archive
8aa70000-8ac70000 r--p 00000000 08:06 1052276    /usr/lib/locale/locale-archive
8ac70000-8ae00000 r--s 037bc000 08:06 1204       /usr/lib/jvm/java-6-openjdk-i386/jre/lib/rt.jar
8ae00000-8aefc000 rw-p 00000000 00:00 0 
8aefc000-8af00000 ---p 00000000 00:00 0 
8af00000-8af02000 r--s 00000000 08:06 141603     /var/cache/fontconfig/a722efc6911bbe16667b1a77497ffd37-le32d4.cache-3
8af02000-8af07000 r-xp 00000000 08:06 1051523    /usr/lib/i386-linux-gnu/libXtst.so.6.1.0
8af07000-8af08000 r--p 00004000 08:06 1051523    /usr/lib/i386-linux-gnu/libXtst.so.6.1.0
8af08000-8af09000 rw-p 00005000 08:06 1051523    /usr/lib/i386-linux-gnu/libXtst.so.6.1.0
8af09000-8af11000 r-xp 00000000 08:06 1051519    /usr/lib/i386-linux-gnu/libXrender.so.1.3.0
8af11000-8af12000 r--p 00007000 08:06 1051519    /usr/lib/i386-linux-gnu/libXrender.so.1.3.0
8af12000-8af13000 rw-p 00008000 08:06 1051519    /usr/lib/i386-linux-gnu/libXrender.so.1.3.0
8af13000-8af1a000 r--s 000fb000 08:06 1053771    /usr/lib/jvm/java-6-openjdk-common/jre/lib/resources.jar
8af1a000-8af1e000 r--s 00027000 08:02 12957      /media/new/work/game_workspace/nano_project3/libs/lwjgl_util.jar
8af1e000-8af21000 r--s 0007d000 08:06 1073439    /usr/lib/jvm/java-6-openjdk-common/jre/lib/jsse.jar
8af21000-8af2e000 r--s 000d9000 08:02 12956      /media/new/work/game_workspace/nano_project3/libs/lwjgl.jar
8af2e000-8af31000 ---p 00000000 00:00 0 
8af31000-8af7f000 rw-p 00000000 00:00 0 
8af7f000-8af80000 ---p 00000000 00:00 0 
8af80000-8b000000 rw-p 00000000 00:00 0 
8b000000-8b021000 rw-p 00000000 00:00 0 
8b021000-8b100000 ---p 00000000 00:00 0 
8b100000-8b101000 r--s 00000000 08:06 141621     /var/cache/fontconfig/56cf4f4769d0f4abc89a4895d7bd3ae1-le32d4.cache-3
8b101000-8b104000 ---p 00000000 00:00 0 
8b104000-8b152000 rw-p 00000000 00:00 0 
8b152000-8b153000 ---p 00000000 00:00 0 
8b153000-8b1d3000 rw-p 00000000 00:00 0 
8b1d3000-8b1d4000 ---p 00000000 00:00 0 
8b1d4000-8b25f000 rw-p 00000000 00:00 0 
8b25f000-8b2ff000 rw-p 00000000 00:00 0 
8b2ff000-8b307000 rw-p 00000000 00:00 0 
8b307000-8b33f000 rw-p 00000000 00:00 0 
8b33f000-8b34a000 rw-p 00000000 00:00 0 
8b34a000-8b3e9000 rw-p 00000000 00:00 0 
8b3e9000-8b3ef000 rw-p 00000000 00:00 0 
8b3ef000-8b43f000 rw-p 00000000 00:00 0 
8b43f000-8c440000 rw-p 00000000 00:00 0 
8c440000-93440000 rw-p 00000000 00:00 0 
93440000-94920000 rw-p 00000000 00:00 0 
94920000-a89a0000 rw-p 00000000 00:00 0 
a89a0000-a9410000 rw-p 00000000 00:00 0 
a9410000-b3440000 rw-p 00000000 00:00 0 
b3440000-b3449000 rw-p 00000000 00:00 0 
b3449000-b3500000 rw-p 00000000 00:00 0 
b3500000-b3740000 rwxp 00000000 00:00 0 
b3740000-b65fd000 rw-p 00000000 00:00 0 
b65fd000-b6600000 ---p 00000000 00:00 0 
b6600000-b6602000 r--s 00000000 08:06 141600     /var/cache/fontconfig/d63fdd8e0f42559533dd777c334fdfcc-le32d4.cache-3
b6602000-b6604000 r--s 00001000 08:06 1068       /usr/lib/jvm/java-6-openjdk-common/jre/lib/ext/dnsns.jar
b6604000-b6608000 r--s 00038000 08:06 1067       /usr/lib/jvm/java-6-openjdk-common/jre/lib/ext/sunpkcs11.jar
b6608000-b660b000 r--s 00031000 08:06 1065       /usr/lib/jvm/java-6-openjdk-common/jre/lib/ext/sunjce_provider.jar
b660b000-b6646000 rw-p 00000000 00:00 0 
b6646000-b667e000 rw-p 00000000 00:00 0 
b667e000-b6689000 r-xp 00000000 08:06 914899     /lib/i386-linux-gnu/libnss_files-2.15.so
b6689000-b668a000 r--p 0000a000 08:06 914899     /lib/i386-linux-gnu/libnss_files-2.15.so
b668a000-b668b000 rw-p 0000b000 08:06 914899     /lib/i386-linux-gnu/libnss_files-2.15.so
b668b000-b6695000 r-xp 00000000 08:06 914903     /lib/i386-linux-gnu/libnss_nis-2.15.so
b6695000-b6696000 r--p 00009000 08:06 914903     /lib/i386-linux-gnu/libnss_nis-2.15.so
b6696000-b6697000 rw-p 0000a000 08:06 914903     /lib/i386-linux-gnu/libnss_nis-2.15.so
b6697000-b66ad000 r-xp 00000000 08:06 914893     /lib/i386-linux-gnu/libnsl-2.15.so
b66ad000-b66ae000 r--p 00015000 08:06 914893     /lib/i386-linux-gnu/libnsl-2.15.so
b66ae000-b66af000 rw-p 00016000 08:06 914893     /lib/i386-linux-gnu/libnsl-2.15.so
b66af000-b66b1000 rw-p 00000000 00:00 0 
b66b1000-b66b8000 r-xp 00000000 08:06 914895     /lib/i386-linux-gnu/libnss_compat-2.15.so
b66b8000-b66b9000 r--p 00006000 08:06 914895     /lib/i386-linux-gnu/libnss_compat-2.15.so
b66b9000-b66ba000 rw-p 00007000 08:06 914895     /lib/i386-linux-gnu/libnss_compat-2.15.so
b66ba000-b66bb000 r--s 00000000 08:06 141617     /var/cache/fontconfig/b9d506c9ac06c20b433354fa67a72993-le32d4.cache-3
b66bb000-b66bd000 r--s 0000f000 08:06 1064       /usr/lib/jvm/java-6-openjdk-common/jre/lib/ext/pulse-java.jar
b66bd000-b66c4000 r-xp 00000000 08:06 1211       /usr/lib/jvm/java-6-openjdk-i386/jre/lib/i386/libzip.so
b66c4000-b66c5000 r--p 00006000 08:06 1211       /usr/lib/jvm/java-6-openjdk-i386/jre/lib/i386/libzip.so
b66c5000-b66c6000 rw-p 00007000 08:06 1211       /usr/lib/jvm/java-6-openjdk-i386/jre/lib/i386/libzip.so
b66c6000-b66ce000 rw-s 00000000 08:06 529143     /tmp/hsperfdata_user/5721
b66ce000-b66f4000 r-xp 00000000 08:06 1208       /usr/lib/jvm/java-6-openjdk-i386/jre/lib/i386/libjava.so
b66f4000-b66f5000 r--p 00025000 08:06 1208       /usr/lib/jvm/java-6-openjdk-i386/jre/lib/i386/libjava.so
b66f5000-b66f7000 rw-p 00026000 08:06 1208       /usr/lib/jvm/java-6-openjdk-i386/jre/lib/i386/libjava.so
b66f7000-b66fe000 r-xp 00000000 08:06 914934     /lib/i386-linux-gnu/librt-2.15.so
b66fe000-b66ff000 r--p 00006000 08:06 914934     /lib/i386-linux-gnu/librt-2.15.so
b66ff000-b6700000 rw-p 00007000 08:06 914934     /lib/i386-linux-gnu/librt-2.15.so
b6700000-b6703000 ---p 00000000 00:00 0 
b6703000-b6751000 rw-p 00000000 00:00 0 
b6751000-b676d000 r-xp 00000000 08:06 914869     /lib/i386-linux-gnu/libgcc_s.so.1
b676d000-b676e000 r--p 0001b000 08:06 914869     /lib/i386-linux-gnu/libgcc_s.so.1
b676e000-b676f000 rw-p 0001c000 08:06 914869     /lib/i386-linux-gnu/libgcc_s.so.1
b676f000-b6799000 r-xp 00000000 08:06 914880     /lib/i386-linux-gnu/libm-2.15.so
b6799000-b679a000 r--p 00029000 08:06 914880     /lib/i386-linux-gnu/libm-2.15.so
b679a000-b679b000 rw-p 0002a000 08:06 914880     /lib/i386-linux-gnu/libm-2.15.so
b679b000-b6873000 r-xp 00000000 08:06 1052029    /usr/lib/i386-linux-gnu/libstdc++.so.6.0.16
b6873000-b6874000 ---p 000d8000 08:06 1052029    /usr/lib/i386-linux-gnu/libstdc++.so.6.0.16
b6874000-b6878000 r--p 000d8000 08:06 1052029    /usr/lib/i386-linux-gnu/libstdc++.so.6.0.16
b6878000-b6879000 rw-p 000dc000 08:06 1052029    /usr/lib/i386-linux-gnu/libstdc++.so.6.0.16
b6879000-b6880000 rw-p 00000000 00:00 0 
b6880000-b709e000 r-xp 00000000 08:06 1221       /usr/lib/jvm/java-6-openjdk-i386/jre/lib/i386/server/libjvm.so
b709e000-b70e3000 r--p 0081e000 08:06 1221       /usr/lib/jvm/java-6-openjdk-i386/jre/lib/i386/server/libjvm.so
b70e3000-b70f2000 rw-p 00863000 08:06 1221       /usr/lib/jvm/java-6-openjdk-i386/jre/lib/i386/server/libjvm.so
b70f2000-b750e000 rw-p 00000000 00:00 0 
b750e000-b7522000 r-xp 00000000 08:06 914959     /lib/i386-linux-gnu/libz.so.1.2.3.4
b7522000-b7523000 r--p 00013000 08:06 914959     /lib/i386-linux-gnu/libz.so.1.2.3.4
b7523000-b7524000 rw-p 00014000 08:06 914959     /lib/i386-linux-gnu/libz.so.1.2.3.4
b7524000-b76c3000 r-xp 00000000 08:06 914848     /lib/i386-linux-gnu/libc-2.15.so
b76c3000-b76c5000 r--p 0019f000 08:06 914848     /lib/i386-linux-gnu/libc-2.15.so
b76c5000-b76c6000 rw-p 001a1000 08:06 914848     /lib/i386-linux-gnu/libc-2.15.so
b76c6000-b76c9000 rw-p 00000000 00:00 0 
b76c9000-b76cc000 r-xp 00000000 08:06 914861     /lib/i386-linux-gnu/libdl-2.15.so
b76cc000-b76cd000 r--p 00002000 08:06 914861     /lib/i386-linux-gnu/libdl-2.15.so
b76cd000-b76ce000 rw-p 00003000 08:06 914861     /lib/i386-linux-gnu/libdl-2.15.so
b76ce000-b76d2000 r-xp 00000000 08:06 1552       /usr/lib/jvm/java-6-openjdk-i386/jre/lib/i386/jli/libjli.so
b76d2000-b76d3000 r--p 00003000 08:06 1552       /usr/lib/jvm/java-6-openjdk-i386/jre/lib/i386/jli/libjli.so
b76d3000-b76d4000 rw-p 00004000 08:06 1552       /usr/lib/jvm/java-6-openjdk-i386/jre/lib/i386/jli/libjli.so
b76d4000-b76d5000 rw-p 00000000 00:00 0 
b76d5000-b76ec000 r-xp 00000000 08:06 914928     /lib/i386-linux-gnu/libpthread-2.15.so
b76ec000-b76ed000 r--p 00016000 08:06 914928     /lib/i386-linux-gnu/libpthread-2.15.so
b76ed000-b76ee000 rw-p 00017000 08:06 914928     /lib/i386-linux-gnu/libpthread-2.15.so
b76ee000-b76f0000 rw-p 00000000 00:00 0 
b76f0000-b76f1000 r--s 00007000 08:06 143710     /usr/share/java/java-atk-wrapper.jar
b76f1000-b76f4000 r--s 00077000 08:06 1066       /usr/lib/jvm/java-6-openjdk-common/jre/lib/ext/localedata.jar
b76f4000-b76f5000 rw-p 00000000 00:00 0 
b76f5000-b76f6000 r--p 00000000 00:00 0 
b76f6000-b7701000 r-xp 00000000 08:06 1676       /usr/lib/jvm/java-6-openjdk-i386/jre/lib/i386/libverify.so
b7701000-b7702000 ---p 0000b000 08:06 1676       /usr/lib/jvm/java-6-openjdk-i386/jre/lib/i386/libverify.so
b7702000-b7703000 r--p 0000b000 08:06 1676       /usr/lib/jvm/java-6-openjdk-i386/jre/lib/i386/libverify.so
b7703000-b7704000 rw-p 0000c000 08:06 1676       /usr/lib/jvm/java-6-openjdk-i386/jre/lib/i386/libverify.so
b7704000-b7706000 rw-p 00000000 00:00 0 
b7706000-b7707000 r-xp 00000000 00:00 0          [vdso]
b7707000-b7727000 r-xp 00000000 08:06 914828     /lib/i386-linux-gnu/ld-2.15.so
b7727000-b7728000 r--p 0001f000 08:06 914828     /lib/i386-linux-gnu/ld-2.15.so
b7728000-b7729000 rw-p 00020000 08:06 914828     /lib/i386-linux-gnu/ld-2.15.so
bfbde000-bfbff000 rw-p 00000000 00:00 0          [stack]

VM Arguments:
jvm_args: -Djava.library.path=/media/new/work/game_workspace/nano_project3/libs/linux:/media/new/work/game_workspace/nano_project3/libs/linux -Dfile.encoding=UTF-8 
java_command: Gl
Launcher Type: SUN_STANDARD

Environment Variables:
PATH=/usr/lib/lightdm/lightdm:/usr/local/sbin:/usr/local/bin:/usr/sbin:/usr/bin:/sbin:/bin:/usr/games
LD_LIBRARY_PATH=/usr/lib/jvm/java-6-openjdk-i386/jre/lib/i386/server:/usr/lib/jvm/java-6-openjdk-i386/jre/lib/i386:/usr/lib/jvm/java-6-openjdk-i386/jre/../lib/i386:/usr/lib/jvm/java-6-openjdk-i386/jre/lib/i386/client:/usr/lib/jvm/java-6-openjdk-i386/jre/lib/i386:
SHELL=/bin/bash
DISPLAY=:0

Signal Handlers:
SIGSEGV: [libjvm.so+0x66a270], sa_mask[0]=0x7ffbfeff, sa_flags=0x10000004
SIGBUS: [libjvm.so+0x66a270], sa_mask[0]=0x7ffbfeff, sa_flags=0x10000004
SIGFPE: [libjvm.so+0x52e160], sa_mask[0]=0x7ffbfeff, sa_flags=0x10000004
SIGPIPE: [libjvm.so+0x52e160], sa_mask[0]=0x7ffbfeff, sa_flags=0x10000004
SIGXFSZ: [libjvm.so+0x52e160], sa_mask[0]=0x7ffbfeff, sa_flags=0x10000004
SIGILL: [libjvm.so+0x52e160], sa_mask[0]=0x7ffbfeff, sa_flags=0x10000004
SIGUSR1: SIG_DFL, sa_mask[0]=0x00000000, sa_flags=0x00000000
SIGUSR2: [libjvm.so+0x52dff0], sa_mask[0]=0x00000004, sa_flags=0x10000004
SIGHUP: [libjvm.so+0x531090], sa_mask[0]=0x7ffbfeff, sa_flags=0x10000004
SIGINT: [libjvm.so+0x531090], sa_mask[0]=0x7ffbfeff, sa_flags=0x10000004
SIGTERM: [libjvm.so+0x531090], sa_mask[0]=0x7ffbfeff, sa_flags=0x10000004
SIGQUIT: [libjvm.so+0x531090], sa_mask[0]=0x7ffbfeff, sa_flags=0x10000004


---------------  S Y S T E M  ---------------

OS:Ubuntu 12.04 (precise)
uname:Linux 3.2.0-29-generic-pae #46-Ubuntu SMP Fri Jul 27 17:25:43 UTC 2012 i686
libc:glibc 2.15 NPTL 2.15 
rlimit: STACK 8192k, CORE 0k, NPROC 15915, NOFILE 4096, AS infinity
load average:0.20 0.66 0.64

/proc/meminfo:
MemTotal:        2051760 kB
MemFree:          276808 kB
Buffers:          106752 kB
Cached:           896640 kB
SwapCached:            0 kB
Active:           940144 kB
Inactive:         752640 kB
Active(anon):     690608 kB
Inactive(anon):    97676 kB
Active(file):     249536 kB
Inactive(file):   654964 kB
Unevictable:          16 kB
Mlocked:              16 kB
HighTotal:       1173872 kB
HighFree:          16828 kB
LowTotal:         877888 kB
LowFree:          259980 kB
SwapTotal:       2084860 kB
SwapFree:        2084860 kB
Dirty:                88 kB
Writeback:             0 kB
AnonPages:        689480 kB
Mapped:           191132 kB
Shmem:             98896 kB
Slab:              51112 kB
SReclaimable:      30572 kB
SUnreclaim:        20540 kB
KernelStack:        3488 kB
PageTables:        10388 kB
NFS_Unstable:          0 kB
Bounce:                0 kB
WritebackTmp:          0 kB
CommitLimit:     3110740 kB
Committed_AS:    3117256 kB
VmallocTotal:     122880 kB
VmallocUsed:       10968 kB
VmallocChunk:     107492 kB
HardwareCorrupted:     0 kB
AnonHugePages:         0 kB
HugePages_Total:       0
HugePages_Free:        0
HugePages_Rsvd:        0
HugePages_Surp:        0
Hugepagesize:       2048 kB
DirectMap4k:       10232 kB
DirectMap2M:      903168 kB


CPU:total 2 (2 cores per cpu, 1 threads per core) family 6 model 15 stepping 13, cmov, cx8, fxsr, mmx, sse, sse2, sse3, ssse3

Memory: 4k page, physical 2051760k(276808k free), swap 2084860k(2084860k free)

vm_info: OpenJDK Server VM (20.0-b12) for linux-x86 JRE (1.6.0_24-b24), built on Jun 26 2012 22:36:29 by "buildd" with gcc 4.6.3

time: Thu Aug 23 17:12:46 2012
elapsed time: 6 seconds

