#
# A fatal error has been detected by the Java Runtime Environment:
#
#  SIGSEGV (0xb) at pc=0x889c0e00, pid=5234, tid=3061963584
#
# JRE version: 6.0_24-b24
# Java VM: OpenJDK Server VM (20.0-b12 mixed mode linux-x86 )
# Derivative: IcedTea6 1.11.3
# Distribution: Ubuntu 12.04 LTS, package 6b24-1.11.3-1ubuntu0.12.04.1
# Problematic frame:
# C  0x889c0e00
[error occurred during error reporting (printing problematic frame), id 0xb]

# If you would like to submit a bug report, please include
# instructions how to reproduce the bug and visit:
#   https://bugs.launchpad.net/ubuntu/+source/openjdk-6/
# The crash happened outside the Java Virtual Machine in native code.
# See problematic frame for where to report the bug.
#

---------------  T H R E A D  ---------------

Current thread (0xb6605400):  JavaThread "main" [_thread_in_native, id=5239, stack(0xb67cd000,0xb681e000)]

siginfo:si_signo=SIGSEGV: si_errno=0, si_code=1 (SEGV_MAPERR), si_addr=0x889c0e00

Registers:
EAX=0x00000001, EBX=0x8a137ff4, ECX=0xb6605520, EDX=0xb71c732c
ESP=0xb681cfbc, EBP=0xb681cfd8, ESI=0x8bb755b0, EDI=0xb6605400
EIP=0x889c0e00, EFLAGS=0x00010286, CR2=0x889c0e00

Top of Stack: (sp=0xb681cfbc)
0xb681cfbc:   8a115675 00000001 b681cfec b6605400
0xb681cfcc:   b681d018 8a115659 8bb755b0 b681d018
0xb681cfdc:   b360a64a b6605520 b681d020 00000001
0xb681cfec:   00000001 b681d058 b681d058 b681cff8
0xb681cffc:   8bb755b0 b681d02c 8bb767a8 00000000
0xb681d00c:   8bb755b0 00000000 b681d028 b681d050
0xb681d01c:   b3602ee1 8bb76748 b36084b9 00000001
0xb681d02c:   00000001 b681d030 8bb75512 b681d058 

Instructions: (pc=0x889c0e00)
0x889c0de0:   
[error occurred during error reporting (printing registers, top of stack, instructions near pc), id 0xb]

Register to memory mapping:

EAX=0x00000001 is an unknown value
EBX=0x8a137ff4: <offset 0x5bff4> in /media/new/work/game_workspace/nano_project3/libs/linux/liblwjgl.so at 0x8a0dc000
ECX=0xb6605520 is an unknown value
EDX=0xb71c732c: <offset 0x87a32c> in /usr/lib/jvm/java-6-openjdk-i386/jre/lib/i386/server/libjvm.so at 0xb694d000
ESP=0xb681cfbc is pointing into the stack for thread: 0xb6605400
EBP=0xb681cfd8 is pointing into the stack for thread: 0xb6605400
ESI=0x8bb755b0 is an oop
{method} 
 - klass: {other class}
EDI=0xb6605400 is a thread


Stack: [0xb67cd000,0xb681e000],  sp=0xb681cfbc,  free space=319k
Native frames: (J=compiled Java code, j=interpreted, Vv=VM code, C=native code)
C  0x889c0e00
[error occurred during error reporting (printing native stack), id 0xb]

Java frames: (J=compiled Java code, j=interpreted, Vv=VM code)
j  org.lwjgl.openal.AL10.nalDeleteBuffers2(II)V+0
j  org.lwjgl.openal.AL10.alDeleteBuffers(I)V+2
j  Gl.main([Ljava/lang/String;)V+142
v  ~StubRoutines::call_stub

---------------  P R O C E S S  ---------------

Java Threads: ( => current thread )
  0x8a6d4000 JavaThread "AWT-XAWT" daemon [_thread_in_native, id=5252, stack(0x8a139000,0x8a18a000)]
  0x8a64c400 JavaThread "Java2D Disposer" daemon [_thread_blocked, id=5251, stack(0x8a31a000,0x8a36b000)]
  0xb66a4000 JavaThread "Low Memory Detector" daemon [_thread_blocked, id=5249, stack(0x8a849000,0x8a89a000)]
  0xb66a2400 JavaThread "C2 CompilerThread1" daemon [_thread_blocked, id=5248, stack(0x8a89a000,0x8a91b000)]
  0xb66a0400 JavaThread "C2 CompilerThread0" daemon [_thread_blocked, id=5247, stack(0x8a91b000,0x8a99c000)]
  0xb669f000 JavaThread "Signal Dispatcher" daemon [_thread_blocked, id=5245, stack(0x8a99c000,0x8a9ed000)]
  0xb668f800 JavaThread "Finalizer" daemon [_thread_blocked, id=5244, stack(0x8ad1f000,0x8ad70000)]
  0xb668e000 JavaThread "Reference Handler" daemon [_thread_blocked, id=5243, stack(0x8b02e000,0x8b07f000)]
=>0xb6605400 JavaThread "main" [_thread_in_native, id=5239, stack(0xb67cd000,0xb681e000)]

Other Threads:
  0xb668a000 VMThread [stack: 0x8b07f000,0x8b100000] [id=5242]
  0xb66a5c00 WatcherThread [stack: 0x8a7c8000,0x8a849000] [id=5250]

VM state:not at safepoint (normal execution)

VM Mutex/Monitor currently owned by a thread: None

Heap
 PSYoungGen      total 9408K, used 5466K [0xa8aa0000, 0xa9510000, 0xb3540000)
  eden space 8128K, 67% used [0xa8aa0000,0xa8ff6990,0xa9290000)
  from space 1280K, 0% used [0xa93d0000,0xa93d0000,0xa9510000)
  to   space 1280K, 0% used [0xa9290000,0xa9290000,0xa93d0000)
 PSOldGen        total 21376K, used 0K [0x93540000, 0x94a20000, 0xa8aa0000)
  object space 21376K, 0% used [0x93540000,0x93540000,0x94a20000)
 PSPermGen       total 16384K, used 6672K [0x8b540000, 0x8c540000, 0x93540000)
  object space 16384K, 40% used [0x8b540000,0x8bbc4280,0x8c540000)

Code Cache  [0xb3600000, 0xb3840000, 0xb6600000)
 total_blobs=301 nmethods=55 adapters=201 free_code_cache=49893568 largest_free_block=17984

Dynamic libraries:
08048000-08051000 r-xp 00000000 08:06 1197       /usr/lib/jvm/java-6-openjdk-i386/jre/bin/java
08051000-08052000 r--p 00008000 08:06 1197       /usr/lib/jvm/java-6-openjdk-i386/jre/bin/java
08052000-08053000 rw-p 00009000 08:06 1197       /usr/lib/jvm/java-6-openjdk-i386/jre/bin/java
09dca000-09f88000 rw-p 00000000 00:00 0          [heap]
83bfe000-83bff000 ---p 00000000 00:00 0 
83bff000-83cff000 rw-p 00000000 00:00 0 
87d00000-87d65000 rw-p 00000000 00:00 0 
87d65000-87e00000 ---p 00000000 00:00 0 
87e15000-87e16000 ---p 00000000 00:00 0 
87e16000-88616000 rw-p 00000000 00:00 0 
88616000-8877c000 r-xp 00000000 08:06 1052077    /usr/lib/i386-linux-gnu/libvorbisenc.so.2.0.8
8877c000-8878d000 r--p 00165000 08:06 1052077    /usr/lib/i386-linux-gnu/libvorbisenc.so.2.0.8
8878d000-8878e000 rw-p 00176000 08:06 1052077    /usr/lib/i386-linux-gnu/libvorbisenc.so.2.0.8
8878e000-887fa000 r-xp 00000000 08:06 1052007    /usr/lib/i386-linux-gnu/libsndfile.so.1.0.25
887fa000-887fb000 r--p 0006c000 08:06 1052007    /usr/lib/i386-linux-gnu/libsndfile.so.1.0.25
887fb000-887fc000 rw-p 0006d000 08:06 1052007    /usr/lib/i386-linux-gnu/libsndfile.so.1.0.25
887fc000-88800000 rw-p 00000000 00:00 0 
88800000-888f6000 rw-p 00000000 00:00 0 
888f6000-88900000 ---p 00000000 00:00 0 
8891c000-88968000 r-xp 00000000 08:06 1051408    /usr/lib/i386-linux-gnu/libFLAC.so.8.2.0
88968000-88969000 r--p 0004b000 08:06 1051408    /usr/lib/i386-linux-gnu/libFLAC.so.8.2.0
88969000-8896a000 rw-p 0004c000 08:06 1051408    /usr/lib/i386-linux-gnu/libFLAC.so.8.2.0
8896a000-889b1000 r-xp 00000000 08:06 914860     /lib/i386-linux-gnu/libdbus-1.so.3.5.8
889b1000-889b2000 r--p 00046000 08:06 914860     /lib/i386-linux-gnu/libdbus-1.so.3.5.8
889b2000-889b3000 rw-p 00047000 08:06 914860     /lib/i386-linux-gnu/libdbus-1.so.3.5.8
88a00000-88c00000 rw-p 00000000 00:00 0 
88c00000-88d00000 rw-p 00000000 00:00 0 
88d1c000-88d7f000 r-xp 00000000 08:06 1050822    /usr/lib/i386-linux-gnu/libpulsecommon-1.1.so
88d7f000-88d80000 r--p 00062000 08:06 1050822    /usr/lib/i386-linux-gnu/libpulsecommon-1.1.so
88d80000-88d81000 rw-p 00063000 08:06 1050822    /usr/lib/i386-linux-gnu/libpulsecommon-1.1.so
88f00000-88ffe000 rw-p 00000000 00:00 0 
88ffe000-89000000 ---p 00000000 00:00 0 
89992000-899a5000 r-xp 00000000 08:06 914932     /lib/i386-linux-gnu/libresolv-2.15.so
899a5000-899a6000 ---p 00013000 08:06 914932     /lib/i386-linux-gnu/libresolv-2.15.so
899a6000-899a7000 r--p 00013000 08:06 914932     /lib/i386-linux-gnu/libresolv-2.15.so
899a7000-899a8000 rw-p 00014000 08:06 914932     /lib/i386-linux-gnu/libresolv-2.15.so
899a8000-899aa000 rw-p 00000000 00:00 0 
899aa000-899b0000 r-xp 00000000 08:06 1051912    /usr/lib/i386-linux-gnu/libogg.so.0.7.1
899b0000-899b1000 r--p 00005000 08:06 1051912    /usr/lib/i386-linux-gnu/libogg.so.0.7.1
899b1000-899b2000 rw-p 00006000 08:06 1051912    /usr/lib/i386-linux-gnu/libogg.so.0.7.1
899b2000-899fe000 r-xp 00000000 08:06 1050509    /usr/lib/i386-linux-gnu/libpulse.so.0.13.5
899fe000-899ff000 r--p 0004b000 08:06 1050509    /usr/lib/i386-linux-gnu/libpulse.so.0.13.5
899ff000-89a00000 rw-p 0004c000 08:06 1050509    /usr/lib/i386-linux-gnu/libpulse.so.0.13.5
89a00000-89afd000 rw-p 00000000 00:00 0 
89afd000-89b00000 ---p 00000000 00:00 0 
89b00000-89b29000 r-xp 00000000 08:06 1052075    /usr/lib/i386-linux-gnu/libvorbis.so.0.4.5
89b29000-89b2a000 r--p 00028000 08:06 1052075    /usr/lib/i386-linux-gnu/libvorbis.so.0.4.5
89b2a000-89b2b000 rw-p 00029000 08:06 1052075    /usr/lib/i386-linux-gnu/libvorbis.so.0.4.5
89b2b000-89b30000 r-xp 00000000 08:06 1051543    /usr/lib/i386-linux-gnu/libasyncns.so.0.3.1
89b30000-89b31000 r--p 00004000 08:06 1051543    /usr/lib/i386-linux-gnu/libasyncns.so.0.3.1
89b31000-89b32000 rw-p 00005000 08:06 1051543    /usr/lib/i386-linux-gnu/libasyncns.so.0.3.1
89b32000-89b3a000 r-xp 00000000 08:06 914957     /lib/i386-linux-gnu/libwrap.so.0.7.6
89b3a000-89b3b000 r--p 00007000 08:06 914957     /lib/i386-linux-gnu/libwrap.so.0.7.6
89b3b000-89b3c000 rw-p 00008000 08:06 914957     /lib/i386-linux-gnu/libwrap.so.0.7.6
89b3c000-89b42000 r-xp 00000000 08:06 1051846    /usr/lib/i386-linux-gnu/libjson.so.0.0.1
89b42000-89b43000 r--p 00005000 08:06 1051846    /usr/lib/i386-linux-gnu/libjson.so.0.0.1
89b43000-89b44000 rw-p 00006000 08:06 1051846    /usr/lib/i386-linux-gnu/libjson.so.0.0.1
89b44000-89b4d000 r-xp 00000000 08:06 1051938    /usr/lib/i386-linux-gnu/libpciaccess.so.0.11.0
89b4d000-89b4e000 r--p 00008000 08:06 1051938    /usr/lib/i386-linux-gnu/libpciaccess.so.0.11.0
89b4e000-89b4f000 rw-p 00009000 08:06 1051938    /usr/lib/i386-linux-gnu/libpciaccess.so.0.11.0
89b4f000-89b6c000 r-xp 00000000 08:06 1051649    /usr/lib/i386-linux-gnu/libdrm_intel.so.1.0.0
89b6c000-89b6d000 r--p 0001c000 08:06 1051649    /usr/lib/i386-linux-gnu/libdrm_intel.so.1.0.0
89b6d000-89b6e000 rw-p 0001d000 08:06 1051649    /usr/lib/i386-linux-gnu/libdrm_intel.so.1.0.0
89b6e000-89b94000 r-xp 00000000 08:06 918242     /lib/i386-linux-gnu/libexpat.so.1.5.2
89b94000-89b95000 ---p 00026000 08:06 918242     /lib/i386-linux-gnu/libexpat.so.1.5.2
89b95000-89b97000 r--p 00026000 08:06 918242     /lib/i386-linux-gnu/libexpat.so.1.5.2
89b97000-89b98000 rw-p 00028000 08:06 918242     /lib/i386-linux-gnu/libexpat.so.1.5.2
89b98000-89cad000 r-xp 00000000 08:06 3976       /usr/lib/i386-linux-gnu/dri/libglsl.so
89cad000-89cb2000 r--p 00114000 08:06 3976       /usr/lib/i386-linux-gnu/dri/libglsl.so
89cb2000-89cb4000 rw-p 00119000 08:06 3976       /usr/lib/i386-linux-gnu/dri/libglsl.so
89cb4000-89cb5000 rw-p 00000000 00:00 0 
89cb5000-89f10000 r-xp 00000000 08:06 1155       /usr/lib/i386-linux-gnu/dri/libdricore.so
89f10000-89f11000 ---p 0025b000 08:06 1155       /usr/lib/i386-linux-gnu/dri/libdricore.so
89f11000-89f17000 r--p 0025b000 08:06 1155       /usr/lib/i386-linux-gnu/dri/libdricore.so
89f17000-89f19000 rw-p 00261000 08:06 1155       /usr/lib/i386-linux-gnu/dri/libdricore.so
89f19000-89f2e000 rw-p 00000000 00:00 0 
89f2e000-8a008000 r-xp 00000000 08:06 1154       /usr/lib/i386-linux-gnu/dri/i965_dri.so
8a008000-8a00a000 r--p 000d9000 08:06 1154       /usr/lib/i386-linux-gnu/dri/i965_dri.so
8a00a000-8a00c000 rw-p 000db000 08:06 1154       /usr/lib/i386-linux-gnu/dri/i965_dri.so
8a00c000-8a00d000 rw-p 00000000 00:00 0 
8a00d000-8a018000 r-xp 00000000 08:06 1051647    /usr/lib/i386-linux-gnu/libdrm.so.2.4.0
8a018000-8a019000 r--p 0000a000 08:06 1051647    /usr/lib/i386-linux-gnu/libdrm.so.2.4.0
8a019000-8a01a000 rw-p 0000b000 08:06 1051647    /usr/lib/i386-linux-gnu/libdrm.so.2.4.0
8a01a000-8a030000 r-xp 00000000 08:06 1052096    /usr/lib/i386-linux-gnu/libxcb-glx.so.0.0.0
8a030000-8a031000 r--p 00016000 08:06 1052096    /usr/lib/i386-linux-gnu/libxcb-glx.so.0.0.0
8a031000-8a032000 rw-p 00017000 08:06 1052096    /usr/lib/i386-linux-gnu/libxcb-glx.so.0.0.0
8a032000-8a084000 r-xp 00000000 08:06 520        /usr/lib/i386-linux-gnu/mesa/libGL.so.1.2
8a084000-8a086000 r--p 00051000 08:06 520        /usr/lib/i386-linux-gnu/mesa/libGL.so.1.2
8a086000-8a08b000 rwxp 00053000 08:06 520        /usr/lib/i386-linux-gnu/mesa/libGL.so.1.2
8a08b000-8a08e000 ---p 00000000 00:00 0 
8a08e000-8a0dc000 rw-p 00000000 00:00 0 
8a0dc000-8a137000 r-xp 00000000 08:02 12970      /media/new/work/game_workspace/nano_project3/libs/linux/liblwjgl.so
8a137000-8a138000 r--p 0005a000 08:02 12970      /media/new/work/game_workspace/nano_project3/libs/linux/liblwjgl.so
8a138000-8a139000 rw-p 0005b000 08:02 12970      /media/new/work/game_workspace/nano_project3/libs/linux/liblwjgl.so
8a139000-8a13c000 ---p 00000000 00:00 0 
8a13c000-8a18a000 rw-p 00000000 00:00 0 
8a18a000-8a18b000 r--s 00000000 08:06 141719     /var/cache/fontconfig/c05880de57d1f5e948fdfacc138775d9-le32d4.cache-3
8a18b000-8a191000 r--s 00000000 08:06 141715     /var/cache/fontconfig/945677eb7aeaf62f1d50efc3fb3ec7d8-le32d4.cache-3
8a191000-8a193000 r--s 00000000 08:06 141713     /var/cache/fontconfig/99e8ed0e538f840c565b6ed5dad60d56-le32d4.cache-3
8a193000-8a199000 r--s 00000000 08:06 141711     /var/cache/fontconfig/a6d8cf8e4ec09cdbc8633c31745a07dd-le32d4.cache-3
8a199000-8a19c000 r--s 00000000 08:06 141700     /var/cache/fontconfig/2cd17615ca594fa2959ae173292e504c-le32d4.cache-3
8a19c000-8a19d000 r--s 00000000 08:06 141693     /var/cache/fontconfig/fd9505950c048a77dc4b710eb6a628ed-le32d4.cache-3
8a19d000-8a19f000 r--s 00000000 08:06 141692     /var/cache/fontconfig/ddc79d3ea06a7c6ffa86ede85f3bb5df-le32d4.cache-3
8a19f000-8a1a0000 r--s 00000000 08:06 141691     /var/cache/fontconfig/e7071f4a29fa870f4323321c154eba04-le32d4.cache-3
8a1a0000-8a1a1000 r--s 00000000 08:06 141687     /var/cache/fontconfig/a2ab74764b07279e7c36ddb1d302cf26-le32d4.cache-3
8a1a1000-8a1a3000 r--s 00000000 08:06 141686     /var/cache/fontconfig/c69f04ab05004e31a6d5e715764f16d8-le32d4.cache-3
8a1a3000-8a1a4000 r--s 00000000 08:06 141685     /var/cache/fontconfig/0d8c3b2ac0904cb8a57a757ad11a4a08-le32d4.cache-3
8a1a4000-8a1a6000 r--s 00000000 08:06 141680     /var/cache/fontconfig/646addb8444faa74ee138aa00ab0b6a0-le32d4.cache-3
8a1a6000-8a1aa000 r--s 00000000 08:06 141679     /var/cache/fontconfig/a755afe4a08bf5b97852ceb7400b47bc-le32d4.cache-3
8a1aa000-8a1ac000 r--s 00000000 08:06 141678     /var/cache/fontconfig/20bd79ad97094406f7d1b9654bfbd926-le32d4.cache-3
8a1ac000-8a1af000 r--s 00000000 08:06 141677     /var/cache/fontconfig/9c0624108b9a2ae8552f664125be8356-le32d4.cache-3
8a1af000-8a1b6000 r--s 00000000 08:06 141676     /var/cache/fontconfig/6d41288fd70b0be22e8c3a91e032eec0-le32d4.cache-3
8a1b6000-8a1b8000 r--s 00000000 08:06 141674     /var/cache/fontconfig/da1bd5ca8443ffe22927a23ce431d198-le32d4.cache-3
8a1b8000-8a1c3000 r--s 00000000 08:06 141672     /var/cache/fontconfig/04aabc0a78ac019cf9454389977116d2-le32d4.cache-3
8a1c3000-8a1c6000 r--s 00000000 08:06 141671     /var/cache/fontconfig/385c0604a188198f04d133e54aba7fe7-le32d4.cache-3
8a1c6000-8a1c7000 r--s 00000000 08:06 141670     /var/cache/fontconfig/4794a0821666d79190d59a36cb4f44b5-le32d4.cache-3
8a1c7000-8a1c8000 r--s 00000000 08:06 141669     /var/cache/fontconfig/ecbfc93421cac4646e0c7fe4210510c2-le32d4.cache-3
8a1c8000-8a1cc000 r--s 00000000 08:06 141668     /var/cache/fontconfig/8801497958630a81b71ace7c5f9b32a8-le32d4.cache-3
8a1cc000-8a1ee000 r--s 00000000 08:06 141665     /var/cache/fontconfig/365b55f210c0a22e9a19e35191240f32-le32d4.cache-3
8a1ee000-8a1f2000 r--s 00000000 08:06 141616     /var/cache/fontconfig/b47c4e1ecd0709278f4910c18777a504-le32d4.cache-3
8a1f2000-8a1f8000 r--s 00000000 08:06 141615     /var/cache/fontconfig/52f7bdb7ce746bfd7eaa1985bd9cfa93-le32d4.cache-3
8a1f8000-8a205000 r--s 00000000 08:06 141614     /var/cache/fontconfig/d52a8644073d54c13679302ca1180695-le32d4.cache-3
8a205000-8a214000 r-xp 00000000 08:06 1045843    /usr/lib/i386-linux-gnu/libglapi.so.0.0.0
8a214000-8a216000 r--p 0000f000 08:06 1045843    /usr/lib/i386-linux-gnu/libglapi.so.0.0.0
8a216000-8a21b000 rwxp 00011000 08:06 1045843    /usr/lib/i386-linux-gnu/libglapi.so.0.0.0
8a22f000-8a230000 r--s 00000000 08:06 141719     /var/cache/fontconfig/c05880de57d1f5e948fdfacc138775d9-le32d4.cache-3
8a230000-8a236000 r--s 00000000 08:06 141715     /var/cache/fontconfig/945677eb7aeaf62f1d50efc3fb3ec7d8-le32d4.cache-3
8a236000-8a238000 r--s 00000000 08:06 141713     /var/cache/fontconfig/99e8ed0e538f840c565b6ed5dad60d56-le32d4.cache-3
8a238000-8a23e000 r--s 00000000 08:06 141711     /var/cache/fontconfig/a6d8cf8e4ec09cdbc8633c31745a07dd-le32d4.cache-3
8a23e000-8a241000 r--s 00000000 08:06 141700     /var/cache/fontconfig/2cd17615ca594fa2959ae173292e504c-le32d4.cache-3
8a241000-8a242000 r--s 00000000 08:06 141693     /var/cache/fontconfig/fd9505950c048a77dc4b710eb6a628ed-le32d4.cache-3
8a242000-8a244000 r--s 00000000 08:06 141692     /var/cache/fontconfig/ddc79d3ea06a7c6ffa86ede85f3bb5df-le32d4.cache-3
8a244000-8a245000 r--s 00000000 08:06 141691     /var/cache/fontconfig/e7071f4a29fa870f4323321c154eba04-le32d4.cache-3
8a245000-8a246000 r--s 00000000 08:06 141687     /var/cache/fontconfig/a2ab74764b07279e7c36ddb1d302cf26-le32d4.cache-3
8a246000-8a248000 r--s 00000000 08:06 141686     /var/cache/fontconfig/c69f04ab05004e31a6d5e715764f16d8-le32d4.cache-3
8a248000-8a249000 r--s 00000000 08:06 141685     /var/cache/fontconfig/0d8c3b2ac0904cb8a57a757ad11a4a08-le32d4.cache-3
8a249000-8a24b000 r--s 00000000 08:06 141680     /var/cache/fontconfig/646addb8444faa74ee138aa00ab0b6a0-le32d4.cache-3
8a24b000-8a24f000 r--s 00000000 08:06 141679     /var/cache/fontconfig/a755afe4a08bf5b97852ceb7400b47bc-le32d4.cache-3
8a24f000-8a251000 r--s 00000000 08:06 141678     /var/cache/fontconfig/20bd79ad97094406f7d1b9654bfbd926-le32d4.cache-3
8a251000-8a254000 r--s 00000000 08:06 141677     /var/cache/fontconfig/9c0624108b9a2ae8552f664125be8356-le32d4.cache-3
8a254000-8a25b000 r--s 00000000 08:06 141676     /var/cache/fontconfig/6d41288fd70b0be22e8c3a91e032eec0-le32d4.cache-3
8a25b000-8a25d000 r--s 00000000 08:06 141674     /var/cache/fontconfig/da1bd5ca8443ffe22927a23ce431d198-le32d4.cache-3
8a25d000-8a268000 r--s 00000000 08:06 141672     /var/cache/fontconfig/04aabc0a78ac019cf9454389977116d2-le32d4.cache-3
8a268000-8a26b000 r--s 00000000 08:06 141671     /var/cache/fontconfig/385c0604a188198f04d133e54aba7fe7-le32d4.cache-3
8a26b000-8a26c000 r--s 00000000 08:06 141670     /var/cache/fontconfig/4794a0821666d79190d59a36cb4f44b5-le32d4.cache-3
8a26c000-8a26d000 r--s 00000000 08:06 141669     /var/cache/fontconfig/ecbfc93421cac4646e0c7fe4210510c2-le32d4.cache-3
8a26d000-8a271000 r--s 00000000 08:06 141668     /var/cache/fontconfig/8801497958630a81b71ace7c5f9b32a8-le32d4.cache-3
8a271000-8a293000 r--s 00000000 08:06 141665     /var/cache/fontconfig/365b55f210c0a22e9a19e35191240f32-le32d4.cache-3
8a293000-8a297000 r--s 00000000 08:06 141663     /var/cache/fontconfig/3047814df9a2f067bd2d96a2b9c36e5a-le32d4.cache-3
8a297000-8a298000 r--s 00000000 08:06 141621     /var/cache/fontconfig/56cf4f4769d0f4abc89a4895d7bd3ae1-le32d4.cache-3
8a298000-8a299000 r--s 00000000 08:06 141617     /var/cache/fontconfig/b9d506c9ac06c20b433354fa67a72993-le32d4.cache-3
8a299000-8a29d000 r--s 00000000 08:06 141616     /var/cache/fontconfig/b47c4e1ecd0709278f4910c18777a504-le32d4.cache-3
8a29d000-8a2a3000 r--s 00000000 08:06 141615     /var/cache/fontconfig/52f7bdb7ce746bfd7eaa1985bd9cfa93-le32d4.cache-3
8a2a3000-8a2b0000 r--s 00000000 08:06 141614     /var/cache/fontconfig/d52a8644073d54c13679302ca1180695-le32d4.cache-3
8a2b0000-8a2b4000 r--s 00000000 08:06 141607     /var/cache/fontconfig/3f7329c5293ffd510edef78f73874cfd-le32d4.cache-3
8a2b4000-8a2ba000 r--s 00000000 08:06 141606     /var/cache/fontconfig/a0513722a37733a9dfd54dccd328039d-le32d4.cache-3
8a2ba000-8a2bc000 r--s 00000000 08:06 141605     /var/cache/fontconfig/099525ddca5eae4f2477b69cf2d7f16d-le32d4.cache-3
8a2be000-8a2c2000 r--s 00000000 08:06 141663     /var/cache/fontconfig/3047814df9a2f067bd2d96a2b9c36e5a-le32d4.cache-3
8a2c2000-8a2c6000 r--s 00000000 08:06 141607     /var/cache/fontconfig/3f7329c5293ffd510edef78f73874cfd-le32d4.cache-3
8a2c6000-8a2cc000 r--s 00000000 08:06 141606     /var/cache/fontconfig/a0513722a37733a9dfd54dccd328039d-le32d4.cache-3
8a2cc000-8a2ce000 r--s 00000000 08:06 141605     /var/cache/fontconfig/099525ddca5eae4f2477b69cf2d7f16d-le32d4.cache-3
8a2ce000-8a2d0000 r--s 00000000 08:06 141604     /var/cache/fontconfig/61092ac79d9058a69eda095afa0a78f1-le32d4.cache-3
8a2d0000-8a2d2000 r--s 00000000 08:06 141603     /var/cache/fontconfig/a722efc6911bbe16667b1a77497ffd37-le32d4.cache-3
8a2d4000-8a2db000 r--s 00000000 08:06 786        /usr/lib/i386-linux-gnu/gconv/gconv-modules.cache
8a2db000-8a2df000 r-xp 00000000 08:06 1051527    /usr/lib/i386-linux-gnu/libXxf86vm.so.1.0.0
8a2df000-8a2e0000 r--p 00003000 08:06 1051527    /usr/lib/i386-linux-gnu/libXxf86vm.so.1.0.0
8a2e0000-8a2e1000 rw-p 00004000 08:06 1051527    /usr/lib/i386-linux-gnu/libXxf86vm.so.1.0.0
8a2e1000-8a2e5000 r-xp 00000000 08:06 1051501    /usr/lib/i386-linux-gnu/libXfixes.so.3.1.0
8a2e5000-8a2e6000 r--p 00004000 08:06 1051501    /usr/lib/i386-linux-gnu/libXfixes.so.3.1.0
8a2e6000-8a2e7000 rw-p 00005000 08:06 1051501    /usr/lib/i386-linux-gnu/libXfixes.so.3.1.0
8a2e7000-8a2f0000 r-xp 00000000 08:06 1051493    /usr/lib/i386-linux-gnu/libXcursor.so.1.0.2
8a2f0000-8a2f1000 r--p 00008000 08:06 1051493    /usr/lib/i386-linux-gnu/libXcursor.so.1.0.2
8a2f1000-8a2f2000 rw-p 00009000 08:06 1051493    /usr/lib/i386-linux-gnu/libXcursor.so.1.0.2
8a2f2000-8a2f3000 rwxp 00000000 00:00 0 
8a2f3000-8a2f4000 r-xp 00000000 08:06 1051482    /usr/lib/i386-linux-gnu/libX11-xcb.so.1.0.0
8a2f4000-8a2f5000 r--p 00000000 08:06 1051482    /usr/lib/i386-linux-gnu/libX11-xcb.so.1.0.0
8a2f5000-8a2f6000 rw-p 00001000 08:06 1051482    /usr/lib/i386-linux-gnu/libX11-xcb.so.1.0.0
8a2f6000-8a2f8000 r-xp 00000000 08:06 1051495    /usr/lib/i386-linux-gnu/libXdamage.so.1.1.0
8a2f8000-8a2f9000 r--p 00001000 08:06 1051495    /usr/lib/i386-linux-gnu/libXdamage.so.1.1.0
8a2f9000-8a2fa000 rw-p 00002000 08:06 1051495    /usr/lib/i386-linux-gnu/libXdamage.so.1.1.0
8a2fa000-8a301000 r-xp 00000000 08:06 1051517    /usr/lib/i386-linux-gnu/libXrandr.so.2.2.0
8a301000-8a302000 r--p 00006000 08:06 1051517    /usr/lib/i386-linux-gnu/libXrandr.so.2.2.0
8a302000-8a303000 rw-p 00007000 08:06 1051517    /usr/lib/i386-linux-gnu/libXrandr.so.2.2.0
8a303000-8a304000 r-xp 00000000 08:06 1549       /usr/lib/jvm/java-6-openjdk-i386/jre/lib/i386/libjawt.so
8a304000-8a305000 r--p 00000000 08:06 1549       /usr/lib/jvm/java-6-openjdk-i386/jre/lib/i386/libjawt.so
8a305000-8a306000 rw-p 00001000 08:06 1549       /usr/lib/jvm/java-6-openjdk-i386/jre/lib/i386/libjawt.so
8a306000-8a308000 r--s 00000000 08:06 141600     /var/cache/fontconfig/d63fdd8e0f42559533dd777c334fdfcc-le32d4.cache-3
8a308000-8a30b000 r--s 00000000 08:06 141599     /var/cache/fontconfig/fac9d1061ce4dddb2143955f84876fd7-le32d4.cache-3
8a30b000-8a316000 r--s 00000000 08:06 134623     /var/cache/fontconfig/e13b20fdb08344e0e664864cc2ede53d-le32d4.cache-3
8a316000-8a31a000 r--s 00000000 08:06 141598     /var/cache/fontconfig/7ef2298fde41cc6eeb7af42e48b7d293-le32d4.cache-3
8a31a000-8a31d000 ---p 00000000 00:00 0 
8a31d000-8a36b000 rw-p 00000000 00:00 0 
8a36b000-8a400000 r-xp 00000000 08:06 1051681    /usr/lib/i386-linux-gnu/libfreetype.so.6.8.0
8a400000-8a404000 r--p 00094000 08:06 1051681    /usr/lib/i386-linux-gnu/libfreetype.so.6.8.0
8a404000-8a405000 rw-p 00098000 08:06 1051681    /usr/lib/i386-linux-gnu/libfreetype.so.6.8.0
8a405000-8a43f000 r-xp 00000000 08:06 1673       /usr/lib/jvm/java-6-openjdk-i386/jre/lib/i386/libfontmanager.so
8a43f000-8a440000 r--p 00039000 08:06 1673       /usr/lib/jvm/java-6-openjdk-i386/jre/lib/i386/libfontmanager.so
8a440000-8a441000 rw-p 0003a000 08:06 1673       /usr/lib/jvm/java-6-openjdk-i386/jre/lib/i386/libfontmanager.so
8a441000-8a460000 r-xp 00000000 08:06 1052106    /usr/lib/i386-linux-gnu/libxcb.so.1.1.0
8a460000-8a461000 r--p 0001f000 08:06 1052106    /usr/lib/i386-linux-gnu/libxcb.so.1.1.0
8a461000-8a462000 rw-p 00020000 08:06 1052106    /usr/lib/i386-linux-gnu/libxcb.so.1.1.0
8a462000-8a470000 r-xp 00000000 08:06 1051505    /usr/lib/i386-linux-gnu/libXi.so.6.1.0
8a470000-8a471000 r--p 0000d000 08:06 1051505    /usr/lib/i386-linux-gnu/libXi.so.6.1.0
8a471000-8a472000 rw-p 0000e000 08:06 1051505    /usr/lib/i386-linux-gnu/libXi.so.6.1.0
8a472000-8a47a000 r-xp 00000000 08:06 1051519    /usr/lib/i386-linux-gnu/libXrender.so.1.3.0
8a47a000-8a47b000 r--p 00007000 08:06 1051519    /usr/lib/i386-linux-gnu/libXrender.so.1.3.0
8a47b000-8a47c000 rw-p 00008000 08:06 1051519    /usr/lib/i386-linux-gnu/libXrender.so.1.3.0
8a47c000-8a5ac000 r-xp 00000000 08:06 1051484    /usr/lib/i386-linux-gnu/libX11.so.6.3.0
8a5ac000-8a5ad000 r--p 0012f000 08:06 1051484    /usr/lib/i386-linux-gnu/libX11.so.6.3.0
8a5ad000-8a5af000 rw-p 00130000 08:06 1051484    /usr/lib/i386-linux-gnu/libX11.so.6.3.0
8a5af000-8a5b0000 rw-p 00000000 00:00 0 
8a5b0000-8a5fc000 r-xp 00000000 08:06 2809       /usr/lib/jvm/java-6-openjdk-i386/jre/lib/i386/xawt/libmawt.so
8a5fc000-8a5fd000 r--p 0004b000 08:06 2809       /usr/lib/jvm/java-6-openjdk-i386/jre/lib/i386/xawt/libmawt.so
8a5fd000-8a5ff000 rw-p 0004c000 08:06 2809       /usr/lib/jvm/java-6-openjdk-i386/jre/lib/i386/xawt/libmawt.so
8a5ff000-8a600000 rw-p 00000000 00:00 0 
8a600000-8a700000 rw-p 00000000 00:00 0 
8a700000-8a702000 r--s 00000000 08:06 141604     /var/cache/fontconfig/61092ac79d9058a69eda095afa0a78f1-le32d4.cache-3
8a702000-8a707000 r-xp 00000000 08:06 1051497    /usr/lib/i386-linux-gnu/libXdmcp.so.6.0.0
8a707000-8a708000 r--p 00004000 08:06 1051497    /usr/lib/i386-linux-gnu/libXdmcp.so.6.0.0
8a708000-8a709000 rw-p 00005000 08:06 1051497    /usr/lib/i386-linux-gnu/libXdmcp.so.6.0.0
8a709000-8a79c000 r-xp 00000000 08:06 1553       /usr/lib/jvm/java-6-openjdk-i386/jre/lib/i386/libawt.so
8a79c000-8a79d000 r--p 00092000 08:06 1553       /usr/lib/jvm/java-6-openjdk-i386/jre/lib/i386/libawt.so
8a79d000-8a7a4000 rw-p 00093000 08:06 1553       /usr/lib/jvm/java-6-openjdk-i386/jre/lib/i386/libawt.so
8a7a4000-8a7c8000 rw-p 00000000 00:00 0 
8a7c8000-8a7c9000 ---p 00000000 00:00 0 
8a7c9000-8a849000 rw-p 00000000 00:00 0 
8a849000-8a84c000 ---p 00000000 00:00 0 
8a84c000-8a89a000 rw-p 00000000 00:00 0 
8a89a000-8a89d000 ---p 00000000 00:00 0 
8a89d000-8a91b000 rw-p 00000000 00:00 0 
8a91b000-8a91e000 ---p 00000000 00:00 0 
8a91e000-8a99c000 rw-p 00000000 00:00 0 
8a99c000-8a99f000 ---p 00000000 00:00 0 
8a99f000-8a9ed000 rw-p 00000000 00:00 0 
8a9ed000-8ab1f000 r--p 02240000 08:06 1052276    /usr/lib/locale/locale-archive
8ab1f000-8ad1f000 r--p 00000000 08:06 1052276    /usr/lib/locale/locale-archive
8ad1f000-8ad22000 ---p 00000000 00:00 0 
8ad22000-8ad70000 rw-p 00000000 00:00 0 
8ad70000-8af00000 r--s 037bc000 08:06 1204       /usr/lib/jvm/java-6-openjdk-i386/jre/lib/rt.jar
8af00000-8afbd000 rw-p 00000000 00:00 0 
8afbd000-8b000000 ---p 00000000 00:00 0 
8b000000-8b001000 r--s 00000000 08:06 141621     /var/cache/fontconfig/56cf4f4769d0f4abc89a4895d7bd3ae1-le32d4.cache-3
8b001000-8b006000 r-xp 00000000 08:06 1051523    /usr/lib/i386-linux-gnu/libXtst.so.6.1.0
8b006000-8b007000 r--p 00004000 08:06 1051523    /usr/lib/i386-linux-gnu/libXtst.so.6.1.0
8b007000-8b008000 rw-p 00005000 08:06 1051523    /usr/lib/i386-linux-gnu/libXtst.so.6.1.0
8b008000-8b018000 r-xp 00000000 08:06 1051499    /usr/lib/i386-linux-gnu/libXext.so.6.4.0
8b018000-8b019000 r--p 0000f000 08:06 1051499    /usr/lib/i386-linux-gnu/libXext.so.6.4.0
8b019000-8b01a000 rw-p 00010000 08:06 1051499    /usr/lib/i386-linux-gnu/libXext.so.6.4.0
8b01a000-8b01c000 r--s 00000000 08:06 141600     /var/cache/fontconfig/d63fdd8e0f42559533dd777c334fdfcc-le32d4.cache-3
8b01c000-8b01f000 r--s 00000000 08:06 141599     /var/cache/fontconfig/fac9d1061ce4dddb2143955f84876fd7-le32d4.cache-3
8b01f000-8b02a000 r--s 00000000 08:06 134623     /var/cache/fontconfig/e13b20fdb08344e0e664864cc2ede53d-le32d4.cache-3
8b02a000-8b02e000 r--s 00000000 08:06 141598     /var/cache/fontconfig/7ef2298fde41cc6eeb7af42e48b7d293-le32d4.cache-3
8b02e000-8b031000 ---p 00000000 00:00 0 
8b031000-8b07f000 rw-p 00000000 00:00 0 
8b07f000-8b080000 ---p 00000000 00:00 0 
8b080000-8b100000 rw-p 00000000 00:00 0 
8b100000-8b121000 rw-p 00000000 00:00 0 
8b121000-8b200000 ---p 00000000 00:00 0 
8b200000-8b202000 r-xp 00000000 08:06 1051486    /usr/lib/i386-linux-gnu/libXau.so.6.0.0
8b202000-8b203000 r--p 00001000 08:06 1051486    /usr/lib/i386-linux-gnu/libXau.so.6.0.0
8b203000-8b204000 rw-p 00002000 08:06 1051486    /usr/lib/i386-linux-gnu/libXau.so.6.0.0
8b204000-8b20b000 r--s 000fb000 08:06 1053771    /usr/lib/jvm/java-6-openjdk-common/jre/lib/resources.jar
8b20b000-8b20f000 r--s 00027000 08:02 12957      /media/new/work/game_workspace/nano_project3/libs/lwjgl_util.jar
8b20f000-8b212000 r--s 0007d000 08:06 1073439    /usr/lib/jvm/java-6-openjdk-common/jre/lib/jsse.jar
8b212000-8b21f000 r--s 000d9000 08:02 12956      /media/new/work/game_workspace/nano_project3/libs/lwjgl.jar
8b21f000-8b252000 rw-p 00000000 00:00 0 
8b252000-8b253000 ---p 00000000 00:00 0 
8b253000-8b2d3000 rw-p 00000000 00:00 0 
8b2d3000-8b2d4000 ---p 00000000 00:00 0 
8b2d4000-8b35f000 rw-p 00000000 00:00 0 
8b35f000-8b3ff000 rw-p 00000000 00:00 0 
8b3ff000-8b407000 rw-p 00000000 00:00 0 
8b407000-8b43f000 rw-p 00000000 00:00 0 
8b43f000-8b44a000 rw-p 00000000 00:00 0 
8b44a000-8b4e9000 rw-p 00000000 00:00 0 
8b4e9000-8b4ef000 rw-p 00000000 00:00 0 
8b4ef000-8b53f000 rw-p 00000000 00:00 0 
8b53f000-8c540000 rw-p 00000000 00:00 0 
8c540000-93540000 rw-p 00000000 00:00 0 
93540000-94a20000 rw-p 00000000 00:00 0 
94a20000-a8aa0000 rw-p 00000000 00:00 0 
a8aa0000-a9510000 rw-p 00000000 00:00 0 
a9510000-b3540000 rw-p 00000000 00:00 0 
b3540000-b3549000 rw-p 00000000 00:00 0 
b3549000-b3600000 rw-p 00000000 00:00 0 
b3600000-b3840000 rwxp 00000000 00:00 0 
b3840000-b66f9000 rw-p 00000000 00:00 0 
b66f9000-b6700000 ---p 00000000 00:00 0 
b6700000-b6702000 r--s 00000000 08:06 141603     /var/cache/fontconfig/a722efc6911bbe16667b1a77497ffd37-le32d4.cache-3
b6702000-b6704000 r--s 00001000 08:06 1068       /usr/lib/jvm/java-6-openjdk-common/jre/lib/ext/dnsns.jar
b6704000-b6708000 r--s 00038000 08:06 1067       /usr/lib/jvm/java-6-openjdk-common/jre/lib/ext/sunpkcs11.jar
b6708000-b670b000 r--s 00031000 08:06 1065       /usr/lib/jvm/java-6-openjdk-common/jre/lib/ext/sunjce_provider.jar
b670b000-b6713000 rw-p 00000000 00:00 0 
b6713000-b674b000 rw-p 00000000 00:00 0 
b674b000-b6756000 r-xp 00000000 08:06 914899     /lib/i386-linux-gnu/libnss_files-2.15.so
b6756000-b6757000 r--p 0000a000 08:06 914899     /lib/i386-linux-gnu/libnss_files-2.15.so
b6757000-b6758000 rw-p 0000b000 08:06 914899     /lib/i386-linux-gnu/libnss_files-2.15.so
b6758000-b6762000 r-xp 00000000 08:06 914903     /lib/i386-linux-gnu/libnss_nis-2.15.so
b6762000-b6763000 r--p 00009000 08:06 914903     /lib/i386-linux-gnu/libnss_nis-2.15.so
b6763000-b6764000 rw-p 0000a000 08:06 914903     /lib/i386-linux-gnu/libnss_nis-2.15.so
b6764000-b677a000 r-xp 00000000 08:06 914893     /lib/i386-linux-gnu/libnsl-2.15.so
b677a000-b677b000 r--p 00015000 08:06 914893     /lib/i386-linux-gnu/libnsl-2.15.so
b677b000-b677c000 rw-p 00016000 08:06 914893     /lib/i386-linux-gnu/libnsl-2.15.so
b677c000-b677e000 rw-p 00000000 00:00 0 
b677e000-b6785000 r-xp 00000000 08:06 914895     /lib/i386-linux-gnu/libnss_compat-2.15.so
b6785000-b6786000 r--p 00006000 08:06 914895     /lib/i386-linux-gnu/libnss_compat-2.15.so
b6786000-b6787000 rw-p 00007000 08:06 914895     /lib/i386-linux-gnu/libnss_compat-2.15.so
b6787000-b6788000 r--s 00000000 08:06 141617     /var/cache/fontconfig/b9d506c9ac06c20b433354fa67a72993-le32d4.cache-3
b6788000-b678a000 r--s 0000f000 08:06 1064       /usr/lib/jvm/java-6-openjdk-common/jre/lib/ext/pulse-java.jar
b678a000-b6791000 r-xp 00000000 08:06 1211       /usr/lib/jvm/java-6-openjdk-i386/jre/lib/i386/libzip.so
b6791000-b6792000 r--p 00006000 08:06 1211       /usr/lib/jvm/java-6-openjdk-i386/jre/lib/i386/libzip.so
b6792000-b6793000 rw-p 00007000 08:06 1211       /usr/lib/jvm/java-6-openjdk-i386/jre/lib/i386/libzip.so
b6793000-b679b000 rw-s 00000000 08:06 529143     /tmp/hsperfdata_user/5234
b679b000-b67c1000 r-xp 00000000 08:06 1208       /usr/lib/jvm/java-6-openjdk-i386/jre/lib/i386/libjava.so
b67c1000-b67c2000 r--p 00025000 08:06 1208       /usr/lib/jvm/java-6-openjdk-i386/jre/lib/i386/libjava.so
b67c2000-b67c4000 rw-p 00026000 08:06 1208       /usr/lib/jvm/java-6-openjdk-i386/jre/lib/i386/libjava.so
b67c4000-b67cb000 r-xp 00000000 08:06 914934     /lib/i386-linux-gnu/librt-2.15.so
b67cb000-b67cc000 r--p 00006000 08:06 914934     /lib/i386-linux-gnu/librt-2.15.so
b67cc000-b67cd000 rw-p 00007000 08:06 914934     /lib/i386-linux-gnu/librt-2.15.so
b67cd000-b67d0000 ---p 00000000 00:00 0 
b67d0000-b681e000 rw-p 00000000 00:00 0 
b681e000-b683a000 r-xp 00000000 08:06 914869     /lib/i386-linux-gnu/libgcc_s.so.1
b683a000-b683b000 r--p 0001b000 08:06 914869     /lib/i386-linux-gnu/libgcc_s.so.1
b683b000-b683c000 rw-p 0001c000 08:06 914869     /lib/i386-linux-gnu/libgcc_s.so.1
b683c000-b6866000 r-xp 00000000 08:06 914880     /lib/i386-linux-gnu/libm-2.15.so
b6866000-b6867000 r--p 00029000 08:06 914880     /lib/i386-linux-gnu/libm-2.15.so
b6867000-b6868000 rw-p 0002a000 08:06 914880     /lib/i386-linux-gnu/libm-2.15.so
b6868000-b6940000 r-xp 00000000 08:06 1052029    /usr/lib/i386-linux-gnu/libstdc++.so.6.0.16
b6940000-b6941000 ---p 000d8000 08:06 1052029    /usr/lib/i386-linux-gnu/libstdc++.so.6.0.16
b6941000-b6945000 r--p 000d8000 08:06 1052029    /usr/lib/i386-linux-gnu/libstdc++.so.6.0.16
b6945000-b6946000 rw-p 000dc000 08:06 1052029    /usr/lib/i386-linux-gnu/libstdc++.so.6.0.16
b6946000-b694d000 rw-p 00000000 00:00 0 
b694d000-b716b000 r-xp 00000000 08:06 1221       /usr/lib/jvm/java-6-openjdk-i386/jre/lib/i386/server/libjvm.so
b716b000-b71b0000 r--p 0081e000 08:06 1221       /usr/lib/jvm/java-6-openjdk-i386/jre/lib/i386/server/libjvm.so
b71b0000-b71bf000 rw-p 00863000 08:06 1221       /usr/lib/jvm/java-6-openjdk-i386/jre/lib/i386/server/libjvm.so
b71bf000-b75db000 rw-p 00000000 00:00 0 
b75db000-b75ef000 r-xp 00000000 08:06 914959     /lib/i386-linux-gnu/libz.so.1.2.3.4
b75ef000-b75f0000 r--p 00013000 08:06 914959     /lib/i386-linux-gnu/libz.so.1.2.3.4
b75f0000-b75f1000 rw-p 00014000 08:06 914959     /lib/i386-linux-gnu/libz.so.1.2.3.4
b75f1000-b7790000 r-xp 00000000 08:06 914848     /lib/i386-linux-gnu/libc-2.15.so
b7790000-b7792000 r--p 0019f000 08:06 914848     /lib/i386-linux-gnu/libc-2.15.so
b7792000-b7793000 rw-p 001a1000 08:06 914848     /lib/i386-linux-gnu/libc-2.15.so
b7793000-b7796000 rw-p 00000000 00:00 0 
b7796000-b7799000 r-xp 00000000 08:06 914861     /lib/i386-linux-gnu/libdl-2.15.so
b7799000-b779a000 r--p 00002000 08:06 914861     /lib/i386-linux-gnu/libdl-2.15.so
b779a000-b779b000 rw-p 00003000 08:06 914861     /lib/i386-linux-gnu/libdl-2.15.so
b779b000-b779f000 r-xp 00000000 08:06 1552       /usr/lib/jvm/java-6-openjdk-i386/jre/lib/i386/jli/libjli.so
b779f000-b77a0000 r--p 00003000 08:06 1552       /usr/lib/jvm/java-6-openjdk-i386/jre/lib/i386/jli/libjli.so
b77a0000-b77a1000 rw-p 00004000 08:06 1552       /usr/lib/jvm/java-6-openjdk-i386/jre/lib/i386/jli/libjli.so
b77a1000-b77a2000 rw-p 00000000 00:00 0 
b77a2000-b77b9000 r-xp 00000000 08:06 914928     /lib/i386-linux-gnu/libpthread-2.15.so
b77b9000-b77ba000 r--p 00016000 08:06 914928     /lib/i386-linux-gnu/libpthread-2.15.so
b77ba000-b77bb000 rw-p 00017000 08:06 914928     /lib/i386-linux-gnu/libpthread-2.15.so
b77bb000-b77bd000 rw-p 00000000 00:00 0 
b77bd000-b77be000 r--s 00007000 08:06 143710     /usr/share/java/java-atk-wrapper.jar
b77be000-b77c1000 r--s 00077000 08:06 1066       /usr/lib/jvm/java-6-openjdk-common/jre/lib/ext/localedata.jar
b77c1000-b77c2000 rw-p 00000000 00:00 0 
b77c2000-b77c3000 r--p 00000000 00:00 0 
b77c3000-b77ce000 r-xp 00000000 08:06 1676       /usr/lib/jvm/java-6-openjdk-i386/jre/lib/i386/libverify.so
b77ce000-b77cf000 ---p 0000b000 08:06 1676       /usr/lib/jvm/java-6-openjdk-i386/jre/lib/i386/libverify.so
b77cf000-b77d0000 r--p 0000b000 08:06 1676       /usr/lib/jvm/java-6-openjdk-i386/jre/lib/i386/libverify.so
b77d0000-b77d1000 rw-p 0000c000 08:06 1676       /usr/lib/jvm/java-6-openjdk-i386/jre/lib/i386/libverify.so
b77d1000-b77d3000 rw-p 00000000 00:00 0 
b77d3000-b77d4000 r-xp 00000000 00:00 0          [vdso]
b77d4000-b77f4000 r-xp 00000000 08:06 914828     /lib/i386-linux-gnu/ld-2.15.so
b77f4000-b77f5000 r--p 0001f000 08:06 914828     /lib/i386-linux-gnu/ld-2.15.so
b77f5000-b77f6000 rw-p 00020000 08:06 914828     /lib/i386-linux-gnu/ld-2.15.so
bf90c000-bf92d000 rw-p 00000000 00:00 0          [stack]

VM Arguments:
jvm_args: -Djava.library.path=/media/new/work/game_workspace/nano_project3/libs/linux:/media/new/work/game_workspace/nano_project3/libs/linux -Dfile.encoding=UTF-8 
java_command: Gl
Launcher Type: SUN_STANDARD

Environment Variables:
PATH=/usr/lib/lightdm/lightdm:/usr/local/sbin:/usr/local/bin:/usr/sbin:/usr/bin:/sbin:/bin:/usr/games
LD_LIBRARY_PATH=/usr/lib/jvm/java-6-openjdk-i386/jre/lib/i386/server:/usr/lib/jvm/java-6-openjdk-i386/jre/lib/i386:/usr/lib/jvm/java-6-openjdk-i386/jre/../lib/i386:/usr/lib/jvm/java-6-openjdk-i386/jre/lib/i386/client:/usr/lib/jvm/java-6-openjdk-i386/jre/lib/i386:
SHELL=/bin/bash
DISPLAY=:0

Signal Handlers:
SIGSEGV: [libjvm.so+0x66a270], sa_mask[0]=0x7ffbfeff, sa_flags=0x10000004
SIGBUS: [libjvm.so+0x66a270], sa_mask[0]=0x7ffbfeff, sa_flags=0x10000004
SIGFPE: [libjvm.so+0x52e160], sa_mask[0]=0x7ffbfeff, sa_flags=0x10000004
SIGPIPE: [libjvm.so+0x52e160], sa_mask[0]=0x7ffbfeff, sa_flags=0x10000004
SIGXFSZ: [libjvm.so+0x52e160], sa_mask[0]=0x7ffbfeff, sa_flags=0x10000004
SIGILL: [libjvm.so+0x52e160], sa_mask[0]=0x7ffbfeff, sa_flags=0x10000004
SIGUSR1: SIG_DFL, sa_mask[0]=0x00000000, sa_flags=0x00000000
SIGUSR2: [libjvm.so+0x52dff0], sa_mask[0]=0x00000004, sa_flags=0x10000004
SIGHUP: [libjvm.so+0x531090], sa_mask[0]=0x7ffbfeff, sa_flags=0x10000004
SIGINT: [libjvm.so+0x531090], sa_mask[0]=0x7ffbfeff, sa_flags=0x10000004
SIGTERM: [libjvm.so+0x531090], sa_mask[0]=0x7ffbfeff, sa_flags=0x10000004
SIGQUIT: [libjvm.so+0x531090], sa_mask[0]=0x7ffbfeff, sa_flags=0x10000004


---------------  S Y S T E M  ---------------

OS:Ubuntu 12.04 (precise)
uname:Linux 3.2.0-29-generic-pae #46-Ubuntu SMP Fri Jul 27 17:25:43 UTC 2012 i686
libc:glibc 2.15 NPTL 2.15 
rlimit: STACK 8192k, CORE 0k, NPROC 15915, NOFILE 4096, AS infinity
load average:0.49 0.56 0.56

/proc/meminfo:
MemTotal:        2051760 kB
MemFree:          463672 kB
Buffers:          102536 kB
Cached:           833936 kB
SwapCached:            0 kB
Active:           802292 kB
Inactive:         709652 kB
Active(anon):     576604 kB
Inactive(anon):    85188 kB
Active(file):     225688 kB
Inactive(file):   624464 kB
Unevictable:          16 kB
Mlocked:              16 kB
HighTotal:       1173872 kB
HighFree:          81432 kB
LowTotal:         877888 kB
LowFree:          382240 kB
SwapTotal:       2084860 kB
SwapFree:        2084860 kB
Dirty:               156 kB
Writeback:             0 kB
AnonPages:        575652 kB
Mapped:           163828 kB
Shmem:             86324 kB
Slab:              45612 kB
SReclaimable:      25440 kB
SUnreclaim:        20172 kB
KernelStack:        3360 kB
PageTables:         9288 kB
NFS_Unstable:          0 kB
Bounce:                0 kB
WritebackTmp:          0 kB
CommitLimit:     3110740 kB
Committed_AS:    2809652 kB
VmallocTotal:     122880 kB
VmallocUsed:       10968 kB
VmallocChunk:     107492 kB
HardwareCorrupted:     0 kB
AnonHugePages:         0 kB
HugePages_Total:       0
HugePages_Free:        0
HugePages_Rsvd:        0
HugePages_Surp:        0
Hugepagesize:       2048 kB
DirectMap4k:       10232 kB
DirectMap2M:      903168 kB


CPU:total 2 (2 cores per cpu, 1 threads per core) family 6 model 15 stepping 13, cmov, cx8, fxsr, mmx, sse, sse2, sse3, ssse3

Memory: 4k page, physical 2051760k(463672k free), swap 2084860k(2084860k free)

vm_info: OpenJDK Server VM (20.0-b12) for linux-x86 JRE (1.6.0_24-b24), built on Jun 26 2012 22:36:29 by "buildd" with gcc 4.6.3

time: Thu Aug 23 17:09:07 2012
elapsed time: 23 seconds

